{"/Users/supriyajain/kiro/src/logic/aiEngine.ts": {"path":"/Users/supriyajain/kiro/src/logic/aiEngine.ts","all":false,"statementMap":{"0":{"start":{"line":1,"column":0},"end":{"line":1,"column":75}},"1":{"start":{"line":2,"column":0},"end":{"line":2,"column":48}},"2":{"start":{"line":3,"column":0},"end":{"line":3,"column":42}},"3":{"start":{"line":4,"column":0},"end":{"line":4,"column":0}},"4":{"start":{"line":5,"column":0},"end":{"line":5,"column":23}},"5":{"start":{"line":6,"column":0},"end":{"line":6,"column":60}},"6":{"start":{"line":7,"column":0},"end":{"line":7,"column":0}},"7":{"start":{"line":8,"column":0},"end":{"line":8,"column":49}},"8":{"start":{"line":9,"column":0},"end":{"line":9,"column":19}},"9":{"start":{"line":10,"column":0},"end":{"line":10,"column":26}},"10":{"start":{"line":11,"column":0},"end":{"line":11,"column":18}},"11":{"start":{"line":12,"column":0},"end":{"line":12,"column":28}},"12":{"start":{"line":13,"column":0},"end":{"line":13,"column":18}},"13":{"start":{"line":14,"column":0},"end":{"line":14,"column":28}},"14":{"start":{"line":15,"column":0},"end":{"line":15,"column":18}},"15":{"start":{"line":16,"column":0},"end":{"line":16,"column":27}},"16":{"start":{"line":17,"column":0},"end":{"line":17,"column":18}},"17":{"start":{"line":18,"column":0},"end":{"line":18,"column":5}},"18":{"start":{"line":19,"column":0},"end":{"line":19,"column":3}},"19":{"start":{"line":20,"column":0},"end":{"line":20,"column":0}},"20":{"start":{"line":21,"column":0},"end":{"line":21,"column":63}},"21":{"start":{"line":22,"column":0},"end":{"line":22,"column":33}},"22":{"start":{"line":23,"column":0},"end":{"line":23,"column":55}},"23":{"start":{"line":24,"column":0},"end":{"line":24,"column":55}},"24":{"start":{"line":25,"column":0},"end":{"line":25,"column":6}},"25":{"start":{"line":26,"column":0},"end":{"line":26,"column":47}},"26":{"start":{"line":27,"column":0},"end":{"line":27,"column":46}},"27":{"start":{"line":28,"column":0},"end":{"line":28,"column":6}},"28":{"start":{"line":29,"column":0},"end":{"line":29,"column":37}},"29":{"start":{"line":30,"column":0},"end":{"line":30,"column":65}},"30":{"start":{"line":31,"column":0},"end":{"line":31,"column":65}},"31":{"start":{"line":32,"column":0},"end":{"line":32,"column":54}},"32":{"start":{"line":33,"column":0},"end":{"line":33,"column":7}},"33":{"start":{"line":34,"column":0},"end":{"line":34,"column":0}},"34":{"start":{"line":35,"column":0},"end":{"line":35,"column":46}},"35":{"start":{"line":36,"column":0},"end":{"line":36,"column":46}},"36":{"start":{"line":37,"column":0},"end":{"line":37,"column":6}},"37":{"start":{"line":38,"column":0},"end":{"line":38,"column":47}},"38":{"start":{"line":39,"column":0},"end":{"line":39,"column":46}},"39":{"start":{"line":40,"column":0},"end":{"line":40,"column":0}},"40":{"start":{"line":41,"column":0},"end":{"line":41,"column":58}},"41":{"start":{"line":42,"column":0},"end":{"line":42,"column":58}},"42":{"start":{"line":43,"column":0},"end":{"line":43,"column":6}},"43":{"start":{"line":44,"column":0},"end":{"line":44,"column":50}},"44":{"start":{"line":45,"column":0},"end":{"line":45,"column":51}},"45":{"start":{"line":46,"column":0},"end":{"line":46,"column":7}},"46":{"start":{"line":47,"column":0},"end":{"line":47,"column":0}},"47":{"start":{"line":48,"column":0},"end":{"line":48,"column":15}},"48":{"start":{"line":49,"column":0},"end":{"line":49,"column":7}},"49":{"start":{"line":50,"column":0},"end":{"line":50,"column":3}},"50":{"start":{"line":51,"column":0},"end":{"line":51,"column":0}},"51":{"start":{"line":52,"column":0},"end":{"line":52,"column":57}},"52":{"start":{"line":53,"column":0},"end":{"line":53,"column":29}},"53":{"start":{"line":54,"column":0},"end":{"line":54,"column":34}},"54":{"start":{"line":55,"column":0},"end":{"line":55,"column":30}},"55":{"start":{"line":56,"column":0},"end":{"line":56,"column":4}},"56":{"start":{"line":57,"column":0},"end":{"line":57,"column":42}},"57":{"start":{"line":58,"column":0},"end":{"line":58,"column":29}},"58":{"start":{"line":59,"column":0},"end":{"line":59,"column":12}},"59":{"start":{"line":60,"column":0},"end":{"line":60,"column":29}},"60":{"start":{"line":61,"column":0},"end":{"line":61,"column":5}},"61":{"start":{"line":62,"column":0},"end":{"line":62,"column":3}},"62":{"start":{"line":63,"column":0},"end":{"line":63,"column":0}},"63":{"start":{"line":64,"column":0},"end":{"line":64,"column":67}},"64":{"start":{"line":65,"column":0},"end":{"line":65,"column":29}},"65":{"start":{"line":66,"column":0},"end":{"line":66,"column":70}},"66":{"start":{"line":67,"column":0},"end":{"line":67,"column":0}},"67":{"start":{"line":68,"column":0},"end":{"line":68,"column":39}},"68":{"start":{"line":69,"column":0},"end":{"line":69,"column":78}},"69":{"start":{"line":70,"column":0},"end":{"line":70,"column":6}},"70":{"start":{"line":71,"column":0},"end":{"line":71,"column":52}},"71":{"start":{"line":72,"column":0},"end":{"line":72,"column":77}},"72":{"start":{"line":73,"column":0},"end":{"line":73,"column":8}},"73":{"start":{"line":74,"column":0},"end":{"line":74,"column":42}},"74":{"start":{"line":75,"column":0},"end":{"line":75,"column":34}},"75":{"start":{"line":76,"column":0},"end":{"line":76,"column":9}},"76":{"start":{"line":77,"column":0},"end":{"line":77,"column":7}},"77":{"start":{"line":78,"column":0},"end":{"line":78,"column":5}},"78":{"start":{"line":79,"column":0},"end":{"line":79,"column":0}},"79":{"start":{"line":80,"column":0},"end":{"line":80,"column":17}},"80":{"start":{"line":81,"column":0},"end":{"line":81,"column":3}},"81":{"start":{"line":82,"column":0},"end":{"line":82,"column":0}},"82":{"start":{"line":83,"column":0},"end":{"line":83,"column":64}},"83":{"start":{"line":84,"column":0},"end":{"line":84,"column":25}},"84":{"start":{"line":85,"column":0},"end":{"line":85,"column":27}},"85":{"start":{"line":86,"column":0},"end":{"line":86,"column":17}},"86":{"start":{"line":87,"column":0},"end":{"line":87,"column":27}},"87":{"start":{"line":88,"column":0},"end":{"line":88,"column":17}},"88":{"start":{"line":89,"column":0},"end":{"line":89,"column":5}},"89":{"start":{"line":90,"column":0},"end":{"line":90,"column":3}},"90":{"start":{"line":91,"column":0},"end":{"line":91,"column":0}},"91":{"start":{"line":92,"column":0},"end":{"line":92,"column":84}},"92":{"start":{"line":93,"column":0},"end":{"line":93,"column":57}},"93":{"start":{"line":94,"column":0},"end":{"line":94,"column":33}},"94":{"start":{"line":95,"column":0},"end":{"line":95,"column":4}},"95":{"start":{"line":96,"column":0},"end":{"line":96,"column":65}},"96":{"start":{"line":97,"column":0},"end":{"line":97,"column":4}},"97":{"start":{"line":98,"column":0},"end":{"line":98,"column":29}},"98":{"start":{"line":99,"column":0},"end":{"line":99,"column":18}},"99":{"start":{"line":100,"column":0},"end":{"line":100,"column":5}},"100":{"start":{"line":101,"column":0},"end":{"line":101,"column":0}},"101":{"start":{"line":102,"column":0},"end":{"line":102,"column":55}},"102":{"start":{"line":103,"column":0},"end":{"line":103,"column":35}},"103":{"start":{"line":104,"column":0},"end":{"line":104,"column":4}},"104":{"start":{"line":105,"column":0},"end":{"line":105,"column":58}},"105":{"start":{"line":106,"column":0},"end":{"line":106,"column":55}},"106":{"start":{"line":107,"column":0},"end":{"line":107,"column":22}},"107":{"start":{"line":108,"column":0},"end":{"line":108,"column":5}},"108":{"start":{"line":109,"column":0},"end":{"line":109,"column":0}},"109":{"start":{"line":110,"column":0},"end":{"line":110,"column":44}},"110":{"start":{"line":111,"column":0},"end":{"line":111,"column":53}},"111":{"start":{"line":112,"column":0},"end":{"line":112,"column":20}},"112":{"start":{"line":113,"column":0},"end":{"line":113,"column":3}},"113":{"start":{"line":114,"column":0},"end":{"line":114,"column":1}}},"s":{"0":1,"1":1,"2":1,"3":1,"4":1,"5":1,"6":1,"7":1,"8":18,"9":18,"10":2,"11":18,"12":1,"13":18,"14":13,"15":18,"16":2,"17":18,"18":18,"19":1,"20":1,"21":21,"22":422,"23":422,"24":422,"25":422,"26":422,"27":387,"28":422,"29":7,"30":7,"31":7,"32":7,"33":386,"34":386,"35":386,"36":386,"37":422,"38":422,"39":384,"40":384,"41":384,"42":384,"43":422,"44":209,"45":209,"46":175,"47":175,"48":21,"49":21,"50":1,"51":1,"52":768,"53":768,"54":768,"55":768,"56":768,"57":282,"58":768,"59":486,"60":486,"61":768,"62":1,"63":1,"64":18,"65":18,"66":18,"67":18,"68":53,"69":53,"70":53,"71":174,"72":174,"73":174,"74":174,"75":174,"76":174,"77":53,"78":18,"79":18,"80":18,"81":1,"82":1,"83":18,"84":18,"85":11,"86":18,"87":7,"88":18,"89":18,"90":1,"91":1,"92":14,"93":14,"94":14,"95":14,"96":14,"97":14,"98":1,"99":1,"100":13,"101":13,"102":13,"103":13,"104":13,"105":14,"106":0,"107":0,"108":13,"109":13,"110":13,"111":13,"112":14,"113":1},"branchMap":{"0":{"type":"branch","line":6,"loc":{"start":{"line":6,"column":2},"end":{"line":6,"column":60}},"locations":[{"start":{"line":6,"column":2},"end":{"line":6,"column":60}}]},"1":{"type":"branch","line":8,"loc":{"start":{"line":8,"column":9},"end":{"line":19,"column":3}},"locations":[{"start":{"line":8,"column":9},"end":{"line":19,"column":3}}]},"2":{"type":"branch","line":10,"loc":{"start":{"line":10,"column":6},"end":{"line":11,"column":18}},"locations":[{"start":{"line":10,"column":6},"end":{"line":11,"column":18}}]},"3":{"type":"branch","line":12,"loc":{"start":{"line":12,"column":6},"end":{"line":13,"column":18}},"locations":[{"start":{"line":12,"column":6},"end":{"line":13,"column":18}}]},"4":{"type":"branch","line":14,"loc":{"start":{"line":14,"column":6},"end":{"line":15,"column":18}},"locations":[{"start":{"line":14,"column":6},"end":{"line":15,"column":18}}]},"5":{"type":"branch","line":16,"loc":{"start":{"line":16,"column":6},"end":{"line":17,"column":18}},"locations":[{"start":{"line":16,"column":6},"end":{"line":17,"column":18}}]},"6":{"type":"branch","line":21,"loc":{"start":{"line":21,"column":9},"end":{"line":50,"column":3}},"locations":[{"start":{"line":21,"column":9},"end":{"line":50,"column":3}}]},"7":{"type":"branch","line":22,"loc":{"start":{"line":22,"column":22},"end":{"line":49,"column":5}},"locations":[{"start":{"line":22,"column":22},"end":{"line":49,"column":5}}]},"8":{"type":"branch","line":26,"loc":{"start":{"line":26,"column":10},"end":{"line":26,"column":37}},"locations":[{"start":{"line":26,"column":10},"end":{"line":26,"column":37}}]},"9":{"type":"branch","line":26,"loc":{"start":{"line":26,"column":37},"end":{"line":26,"column":47}},"locations":[{"start":{"line":26,"column":37},"end":{"line":26,"column":47}}]},"10":{"type":"branch","line":26,"loc":{"start":{"line":26,"column":44},"end":{"line":27,"column":25}},"locations":[{"start":{"line":26,"column":44},"end":{"line":27,"column":25}}]},"11":{"type":"branch","line":27,"loc":{"start":{"line":27,"column":11},"end":{"line":27,"column":37}},"locations":[{"start":{"line":27,"column":11},"end":{"line":27,"column":37}}]},"12":{"type":"branch","line":27,"loc":{"start":{"line":27,"column":37},"end":{"line":27,"column":46}},"locations":[{"start":{"line":27,"column":37},"end":{"line":27,"column":46}}]},"13":{"type":"branch","line":27,"loc":{"start":{"line":27,"column":44},"end":{"line":29,"column":24}},"locations":[{"start":{"line":27,"column":44},"end":{"line":29,"column":24}}]},"14":{"type":"branch","line":29,"loc":{"start":{"line":29,"column":10},"end":{"line":29,"column":36}},"locations":[{"start":{"line":29,"column":10},"end":{"line":29,"column":36}}]},"15":{"type":"branch","line":29,"loc":{"start":{"line":29,"column":36},"end":{"line":33,"column":7}},"locations":[{"start":{"line":29,"column":36},"end":{"line":33,"column":7}}]},"16":{"type":"branch","line":32,"loc":{"start":{"line":32,"column":31},"end":{"line":32,"column":54}},"locations":[{"start":{"line":32,"column":31},"end":{"line":32,"column":54}}]},"17":{"type":"branch","line":33,"loc":{"start":{"line":33,"column":6},"end":{"line":38,"column":24}},"locations":[{"start":{"line":33,"column":6},"end":{"line":38,"column":24}}]},"18":{"type":"branch","line":38,"loc":{"start":{"line":38,"column":10},"end":{"line":38,"column":37}},"locations":[{"start":{"line":38,"column":10},"end":{"line":38,"column":37}}]},"19":{"type":"branch","line":38,"loc":{"start":{"line":38,"column":37},"end":{"line":38,"column":47}},"locations":[{"start":{"line":38,"column":37},"end":{"line":38,"column":47}}]},"20":{"type":"branch","line":38,"loc":{"start":{"line":38,"column":44},"end":{"line":39,"column":37}},"locations":[{"start":{"line":38,"column":44},"end":{"line":39,"column":37}}]},"21":{"type":"branch","line":39,"loc":{"start":{"line":39,"column":37},"end":{"line":39,"column":46}},"locations":[{"start":{"line":39,"column":37},"end":{"line":39,"column":46}}]},"22":{"type":"branch","line":39,"loc":{"start":{"line":39,"column":44},"end":{"line":44,"column":49}},"locations":[{"start":{"line":39,"column":44},"end":{"line":44,"column":49}}]},"23":{"type":"branch","line":44,"loc":{"start":{"line":44,"column":49},"end":{"line":46,"column":7}},"locations":[{"start":{"line":44,"column":49},"end":{"line":46,"column":7}}]},"24":{"type":"branch","line":46,"loc":{"start":{"line":46,"column":6},"end":{"line":48,"column":15}},"locations":[{"start":{"line":46,"column":6},"end":{"line":48,"column":15}}]},"25":{"type":"branch","line":52,"loc":{"start":{"line":52,"column":17},"end":{"line":62,"column":3}},"locations":[{"start":{"line":52,"column":17},"end":{"line":62,"column":3}}]},"26":{"type":"branch","line":57,"loc":{"start":{"line":57,"column":41},"end":{"line":59,"column":11}},"locations":[{"start":{"line":57,"column":41},"end":{"line":59,"column":11}}]},"27":{"type":"branch","line":59,"loc":{"start":{"line":59,"column":4},"end":{"line":61,"column":5}},"locations":[{"start":{"line":59,"column":4},"end":{"line":61,"column":5}}]},"28":{"type":"branch","line":64,"loc":{"start":{"line":64,"column":9},"end":{"line":81,"column":3}},"locations":[{"start":{"line":64,"column":9},"end":{"line":81,"column":3}}]},"29":{"type":"branch","line":68,"loc":{"start":{"line":68,"column":38},"end":{"line":78,"column":5}},"locations":[{"start":{"line":68,"column":38},"end":{"line":78,"column":5}}]},"30":{"type":"branch","line":71,"loc":{"start":{"line":71,"column":51},"end":{"line":77,"column":7}},"locations":[{"start":{"line":71,"column":51},"end":{"line":77,"column":7}}]},"31":{"type":"branch","line":66,"loc":{"start":{"line":66,"column":45},"end":{"line":66,"column":68}},"locations":[{"start":{"line":66,"column":45},"end":{"line":66,"column":68}}]},"32":{"type":"branch","line":83,"loc":{"start":{"line":83,"column":9},"end":{"line":90,"column":3}},"locations":[{"start":{"line":83,"column":9},"end":{"line":90,"column":3}}]},"33":{"type":"branch","line":85,"loc":{"start":{"line":85,"column":6},"end":{"line":86,"column":17}},"locations":[{"start":{"line":85,"column":6},"end":{"line":86,"column":17}}]},"34":{"type":"branch","line":87,"loc":{"start":{"line":87,"column":6},"end":{"line":88,"column":17}},"locations":[{"start":{"line":87,"column":6},"end":{"line":88,"column":17}}]},"35":{"type":"branch","line":92,"loc":{"start":{"line":92,"column":9},"end":{"line":113,"column":3}},"locations":[{"start":{"line":92,"column":9},"end":{"line":113,"column":3}}]},"36":{"type":"branch","line":98,"loc":{"start":{"line":98,"column":28},"end":{"line":100,"column":5}},"locations":[{"start":{"line":98,"column":28},"end":{"line":100,"column":5}}]},"37":{"type":"branch","line":100,"loc":{"start":{"line":100,"column":4},"end":{"line":106,"column":54}},"locations":[{"start":{"line":100,"column":4},"end":{"line":106,"column":54}}]},"38":{"type":"branch","line":106,"loc":{"start":{"line":106,"column":54},"end":{"line":108,"column":5}},"locations":[{"start":{"line":106,"column":54},"end":{"line":108,"column":5}}]},"39":{"type":"branch","line":108,"loc":{"start":{"line":108,"column":4},"end":{"line":112,"column":20}},"locations":[{"start":{"line":108,"column":4},"end":{"line":112,"column":20}}]}},"b":{"0":[3],"1":[18],"2":[2],"3":[1],"4":[13],"5":[2],"6":[21],"7":[422],"8":[42],"9":[35],"10":[387],"11":[380],"12":[0],"13":[387],"14":[7],"15":[7],"16":[1],"17":[386],"18":[2],"19":[2],"20":[384],"21":[0],"22":[384],"23":[209],"24":[175],"25":[768],"26":[282],"27":[486],"28":[18],"29":[53],"30":[174],"31":[92],"32":[18],"33":[11],"34":[7],"35":[14],"36":[1],"37":[13],"38":[0],"39":[13]},"fnMap":{"0":{"name":"<static_initializer>","decl":{"start":{"line":6,"column":2},"end":{"line":6,"column":60}},"loc":{"start":{"line":6,"column":2},"end":{"line":6,"column":60}},"line":6},"1":{"name":"getPieceValue","decl":{"start":{"line":8,"column":9},"end":{"line":19,"column":3}},"loc":{"start":{"line":8,"column":9},"end":{"line":19,"column":3}},"line":8},"2":{"name":"orderMoves","decl":{"start":{"line":21,"column":9},"end":{"line":50,"column":3}},"loc":{"start":{"line":21,"column":9},"end":{"line":50,"column":3}},"line":21},"3":{"name":"getForwardProgress","decl":{"start":{"line":52,"column":17},"end":{"line":62,"column":3}},"loc":{"start":{"line":52,"column":17},"end":{"line":62,"column":3}},"line":52},"4":{"name":"generateMoves","decl":{"start":{"line":64,"column":9},"end":{"line":81,"column":3}},"loc":{"start":{"line":64,"column":9},"end":{"line":81,"column":3}},"line":64},"5":{"name":"getDepthForDifficulty","decl":{"start":{"line":83,"column":9},"end":{"line":90,"column":3}},"loc":{"start":{"line":83,"column":9},"end":{"line":90,"column":3}},"line":83},"6":{"name":"calculateBestMove","decl":{"start":{"line":92,"column":9},"end":{"line":113,"column":3}},"loc":{"start":{"line":92,"column":9},"end":{"line":113,"column":3}},"line":92}},"f":{"0":3,"1":18,"2":21,"3":768,"4":18,"5":18,"6":14}}
,"/Users/supriyajain/kiro/src/logic/bishopLogic.ts": {"path":"/Users/supriyajain/kiro/src/logic/bishopLogic.ts","all":false,"statementMap":{"0":{"start":{"line":1,"column":0},"end":{"line":1,"column":66}},"1":{"start":{"line":2,"column":0},"end":{"line":2,"column":0}},"2":{"start":{"line":3,"column":0},"end":{"line":3,"column":26}},"3":{"start":{"line":4,"column":0},"end":{"line":4,"column":5}},"4":{"start":{"line":5,"column":0},"end":{"line":5,"column":49}},"5":{"start":{"line":6,"column":0},"end":{"line":6,"column":5}},"6":{"start":{"line":7,"column":0},"end":{"line":7,"column":77}},"7":{"start":{"line":8,"column":0},"end":{"line":8,"column":43}},"8":{"start":{"line":9,"column":0},"end":{"line":9,"column":16}},"9":{"start":{"line":10,"column":0},"end":{"line":10,"column":5}},"10":{"start":{"line":11,"column":0},"end":{"line":11,"column":0}},"11":{"start":{"line":12,"column":0},"end":{"line":12,"column":42}},"12":{"start":{"line":13,"column":0},"end":{"line":13,"column":41}},"13":{"start":{"line":14,"column":0},"end":{"line":14,"column":0}},"14":{"start":{"line":15,"column":0},"end":{"line":15,"column":31}},"15":{"start":{"line":16,"column":0},"end":{"line":16,"column":24}},"16":{"start":{"line":17,"column":0},"end":{"line":17,"column":49}},"17":{"start":{"line":18,"column":0},"end":{"line":18,"column":48}},"18":{"start":{"line":19,"column":0},"end":{"line":19,"column":51}},"19":{"start":{"line":20,"column":0},"end":{"line":20,"column":50}},"20":{"start":{"line":21,"column":0},"end":{"line":21,"column":6}},"21":{"start":{"line":22,"column":0},"end":{"line":22,"column":0}},"22":{"start":{"line":23,"column":0},"end":{"line":23,"column":41}},"23":{"start":{"line":24,"column":0},"end":{"line":24,"column":48}},"24":{"start":{"line":25,"column":0},"end":{"line":25,"column":48}},"25":{"start":{"line":26,"column":0},"end":{"line":26,"column":0}},"26":{"start":{"line":27,"column":0},"end":{"line":27,"column":73}},"27":{"start":{"line":28,"column":0},"end":{"line":28,"column":64}},"28":{"start":{"line":29,"column":0},"end":{"line":29,"column":62}},"29":{"start":{"line":30,"column":0},"end":{"line":30,"column":0}},"30":{"start":{"line":31,"column":0},"end":{"line":31,"column":25}},"31":{"start":{"line":32,"column":0},"end":{"line":32,"column":59}},"32":{"start":{"line":33,"column":0},"end":{"line":33,"column":50}},"33":{"start":{"line":34,"column":0},"end":{"line":34,"column":44}},"34":{"start":{"line":35,"column":0},"end":{"line":35,"column":11}},"35":{"start":{"line":36,"column":0},"end":{"line":36,"column":61}},"36":{"start":{"line":37,"column":0},"end":{"line":37,"column":16}},"37":{"start":{"line":38,"column":0},"end":{"line":38,"column":9}},"38":{"start":{"line":39,"column":0},"end":{"line":39,"column":0}},"39":{"start":{"line":40,"column":0},"end":{"line":40,"column":36}},"40":{"start":{"line":41,"column":0},"end":{"line":41,"column":40}},"41":{"start":{"line":42,"column":0},"end":{"line":42,"column":0}},"42":{"start":{"line":43,"column":0},"end":{"line":43,"column":37}},"43":{"start":{"line":44,"column":0},"end":{"line":44,"column":41}},"44":{"start":{"line":45,"column":0},"end":{"line":45,"column":41}},"45":{"start":{"line":46,"column":0},"end":{"line":46,"column":7}},"46":{"start":{"line":47,"column":0},"end":{"line":47,"column":5}},"47":{"start":{"line":48,"column":0},"end":{"line":48,"column":0}},"48":{"start":{"line":49,"column":0},"end":{"line":49,"column":26}},"49":{"start":{"line":50,"column":0},"end":{"line":50,"column":3}},"50":{"start":{"line":51,"column":0},"end":{"line":51,"column":0}},"51":{"start":{"line":52,"column":0},"end":{"line":52,"column":5}},"52":{"start":{"line":53,"column":0},"end":{"line":53,"column":49}},"53":{"start":{"line":54,"column":0},"end":{"line":54,"column":5}},"54":{"start":{"line":55,"column":0},"end":{"line":55,"column":62}},"55":{"start":{"line":56,"column":0},"end":{"line":56,"column":53}},"56":{"start":{"line":57,"column":0},"end":{"line":57,"column":50}},"57":{"start":{"line":58,"column":0},"end":{"line":58,"column":3}},"58":{"start":{"line":59,"column":0},"end":{"line":59,"column":0}},"59":{"start":{"line":60,"column":0},"end":{"line":60,"column":5}},"60":{"start":{"line":61,"column":0},"end":{"line":61,"column":37}},"61":{"start":{"line":62,"column":0},"end":{"line":62,"column":5}},"62":{"start":{"line":63,"column":0},"end":{"line":63,"column":87}},"63":{"start":{"line":64,"column":0},"end":{"line":64,"column":29}},"64":{"start":{"line":65,"column":0},"end":{"line":65,"column":54}},"65":{"start":{"line":66,"column":0},"end":{"line":66,"column":50}},"66":{"start":{"line":67,"column":0},"end":{"line":67,"column":6}},"67":{"start":{"line":68,"column":0},"end":{"line":68,"column":3}},"68":{"start":{"line":69,"column":0},"end":{"line":69,"column":0}},"69":{"start":{"line":70,"column":0},"end":{"line":70,"column":5}},"70":{"start":{"line":71,"column":0},"end":{"line":71,"column":65}},"71":{"start":{"line":72,"column":0},"end":{"line":72,"column":5}},"72":{"start":{"line":73,"column":0},"end":{"line":73,"column":80}},"73":{"start":{"line":74,"column":0},"end":{"line":74,"column":38}},"74":{"start":{"line":75,"column":0},"end":{"line":75,"column":38}},"75":{"start":{"line":76,"column":0},"end":{"line":76,"column":0}},"76":{"start":{"line":77,"column":0},"end":{"line":77,"column":28}},"77":{"start":{"line":78,"column":0},"end":{"line":78,"column":50}},"78":{"start":{"line":79,"column":0},"end":{"line":79,"column":19}},"79":{"start":{"line":80,"column":0},"end":{"line":80,"column":5}},"80":{"start":{"line":81,"column":0},"end":{"line":81,"column":0}},"81":{"start":{"line":82,"column":0},"end":{"line":82,"column":41}},"82":{"start":{"line":83,"column":0},"end":{"line":83,"column":41}},"83":{"start":{"line":84,"column":0},"end":{"line":84,"column":36}},"84":{"start":{"line":85,"column":0},"end":{"line":85,"column":0}},"85":{"start":{"line":86,"column":0},"end":{"line":86,"column":65}},"86":{"start":{"line":87,"column":0},"end":{"line":87,"column":37}},"87":{"start":{"line":88,"column":0},"end":{"line":88,"column":24}},"88":{"start":{"line":89,"column":0},"end":{"line":89,"column":38}},"89":{"start":{"line":90,"column":0},"end":{"line":90,"column":37}},"90":{"start":{"line":91,"column":0},"end":{"line":91,"column":8}},"91":{"start":{"line":92,"column":0},"end":{"line":92,"column":0}},"92":{"start":{"line":93,"column":0},"end":{"line":93,"column":45}},"93":{"start":{"line":94,"column":0},"end":{"line":94,"column":21}},"94":{"start":{"line":95,"column":0},"end":{"line":95,"column":7}},"95":{"start":{"line":96,"column":0},"end":{"line":96,"column":5}},"96":{"start":{"line":97,"column":0},"end":{"line":97,"column":0}},"97":{"start":{"line":98,"column":0},"end":{"line":98,"column":16}},"98":{"start":{"line":99,"column":0},"end":{"line":99,"column":3}},"99":{"start":{"line":100,"column":0},"end":{"line":100,"column":0}},"100":{"start":{"line":101,"column":0},"end":{"line":101,"column":5}},"101":{"start":{"line":102,"column":0},"end":{"line":102,"column":51}},"102":{"start":{"line":103,"column":0},"end":{"line":103,"column":5}},"103":{"start":{"line":104,"column":0},"end":{"line":104,"column":82}},"104":{"start":{"line":105,"column":0},"end":{"line":105,"column":57}},"105":{"start":{"line":106,"column":0},"end":{"line":106,"column":79}},"106":{"start":{"line":107,"column":0},"end":{"line":107,"column":3}},"107":{"start":{"line":108,"column":0},"end":{"line":108,"column":0}},"108":{"start":{"line":109,"column":0},"end":{"line":109,"column":5}},"109":{"start":{"line":110,"column":0},"end":{"line":110,"column":45}},"110":{"start":{"line":111,"column":0},"end":{"line":111,"column":5}},"111":{"start":{"line":112,"column":0},"end":{"line":112,"column":79}},"112":{"start":{"line":113,"column":0},"end":{"line":113,"column":71}},"113":{"start":{"line":114,"column":0},"end":{"line":114,"column":34}},"114":{"start":{"line":115,"column":0},"end":{"line":115,"column":53}},"115":{"start":{"line":116,"column":0},"end":{"line":116,"column":6}},"116":{"start":{"line":117,"column":0},"end":{"line":117,"column":3}},"117":{"start":{"line":118,"column":0},"end":{"line":118,"column":1}}},"s":{"0":1,"1":1,"2":1,"3":1,"4":1,"5":1,"6":1,"7":100,"8":0,"9":0,"10":100,"11":100,"12":100,"13":100,"14":100,"15":100,"16":100,"17":100,"18":100,"19":100,"20":100,"21":100,"22":100,"23":400,"24":400,"25":400,"26":400,"27":789,"28":789,"29":789,"30":789,"31":201,"32":201,"33":57,"34":57,"35":201,"36":201,"37":201,"38":588,"39":588,"40":588,"41":588,"42":588,"43":588,"44":588,"45":588,"46":400,"47":100,"48":100,"49":100,"50":1,"51":1,"52":1,"53":1,"54":1,"55":988,"56":988,"57":988,"58":1,"59":1,"60":1,"61":1,"62":1,"63":884,"64":884,"65":887,"66":884,"67":884,"68":1,"69":1,"70":1,"71":1,"72":1,"73":82,"74":82,"75":82,"76":82,"77":82,"78":1,"79":1,"80":81,"81":82,"82":82,"83":82,"84":82,"85":82,"86":82,"87":93,"88":93,"89":93,"90":93,"91":93,"92":93,"93":2,"94":2,"95":93,"96":79,"97":79,"98":82,"99":1,"100":1,"101":1,"102":1,"103":1,"104":2,"105":2,"106":2,"107":1,"108":1,"109":1,"110":1,"111":1,"112":79,"113":79,"114":79,"115":79,"116":79,"117":1},"branchMap":{"0":{"type":"branch","line":7,"loc":{"start":{"line":7,"column":9},"end":{"line":50,"column":3}},"locations":[{"start":{"line":7,"column":9},"end":{"line":50,"column":3}}]},"1":{"type":"branch","line":8,"loc":{"start":{"line":8,"column":42},"end":{"line":10,"column":5}},"locations":[{"start":{"line":8,"column":42},"end":{"line":10,"column":5}}]},"2":{"type":"branch","line":23,"loc":{"start":{"line":23,"column":40},"end":{"line":47,"column":5}},"locations":[{"start":{"line":23,"column":40},"end":{"line":47,"column":5}}]},"3":{"type":"branch","line":27,"loc":{"start":{"line":27,"column":72},"end":{"line":46,"column":7}},"locations":[{"start":{"line":27,"column":72},"end":{"line":46,"column":7}}]},"4":{"type":"branch","line":31,"loc":{"start":{"line":31,"column":24},"end":{"line":38,"column":9}},"locations":[{"start":{"line":31,"column":24},"end":{"line":38,"column":9}}]},"5":{"type":"branch","line":33,"loc":{"start":{"line":33,"column":49},"end":{"line":35,"column":11}},"locations":[{"start":{"line":33,"column":49},"end":{"line":35,"column":11}}]},"6":{"type":"branch","line":38,"loc":{"start":{"line":38,"column":8},"end":{"line":46,"column":7}},"locations":[{"start":{"line":38,"column":8},"end":{"line":46,"column":7}}]},"7":{"type":"branch","line":55,"loc":{"start":{"line":55,"column":17},"end":{"line":58,"column":3}},"locations":[{"start":{"line":55,"column":17},"end":{"line":58,"column":3}}]},"8":{"type":"branch","line":56,"loc":{"start":{"line":56,"column":27},"end":{"line":56,"column":53}},"locations":[{"start":{"line":56,"column":27},"end":{"line":56,"column":53}}]},"9":{"type":"branch","line":56,"loc":{"start":{"line":56,"column":48},"end":{"line":57,"column":32}},"locations":[{"start":{"line":56,"column":48},"end":{"line":57,"column":32}}]},"10":{"type":"branch","line":57,"loc":{"start":{"line":57,"column":27},"end":{"line":57,"column":50}},"locations":[{"start":{"line":57,"column":27},"end":{"line":57,"column":50}}]},"11":{"type":"branch","line":63,"loc":{"start":{"line":63,"column":17},"end":{"line":68,"column":3}},"locations":[{"start":{"line":63,"column":17},"end":{"line":68,"column":3}}]},"12":{"type":"branch","line":65,"loc":{"start":{"line":65,"column":6},"end":{"line":66,"column":50}},"locations":[{"start":{"line":65,"column":6},"end":{"line":66,"column":50}}]},"13":{"type":"branch","line":65,"loc":{"start":{"line":65,"column":47},"end":{"line":66,"column":50}},"locations":[{"start":{"line":65,"column":47},"end":{"line":66,"column":50}}]},"14":{"type":"branch","line":73,"loc":{"start":{"line":73,"column":9},"end":{"line":99,"column":3}},"locations":[{"start":{"line":73,"column":9},"end":{"line":99,"column":3}}]},"15":{"type":"branch","line":78,"loc":{"start":{"line":78,"column":49},"end":{"line":80,"column":5}},"locations":[{"start":{"line":78,"column":49},"end":{"line":80,"column":5}}]},"16":{"type":"branch","line":80,"loc":{"start":{"line":80,"column":4},"end":{"line":82,"column":38}},"locations":[{"start":{"line":80,"column":4},"end":{"line":82,"column":38}}]},"17":{"type":"branch","line":82,"loc":{"start":{"line":82,"column":30},"end":{"line":82,"column":38}},"locations":[{"start":{"line":82,"column":30},"end":{"line":82,"column":38}}]},"18":{"type":"branch","line":82,"loc":{"start":{"line":82,"column":34},"end":{"line":82,"column":41}},"locations":[{"start":{"line":82,"column":34},"end":{"line":82,"column":41}}]},"19":{"type":"branch","line":83,"loc":{"start":{"line":83,"column":30},"end":{"line":83,"column":38}},"locations":[{"start":{"line":83,"column":30},"end":{"line":83,"column":38}}]},"20":{"type":"branch","line":83,"loc":{"start":{"line":83,"column":34},"end":{"line":83,"column":41}},"locations":[{"start":{"line":83,"column":34},"end":{"line":83,"column":41}}]},"21":{"type":"branch","line":87,"loc":{"start":{"line":87,"column":36},"end":{"line":96,"column":5}},"locations":[{"start":{"line":87,"column":36},"end":{"line":96,"column":5}}]},"22":{"type":"branch","line":93,"loc":{"start":{"line":93,"column":44},"end":{"line":95,"column":7}},"locations":[{"start":{"line":93,"column":44},"end":{"line":95,"column":7}}]},"23":{"type":"branch","line":96,"loc":{"start":{"line":96,"column":4},"end":{"line":98,"column":16}},"locations":[{"start":{"line":96,"column":4},"end":{"line":98,"column":16}}]},"24":{"type":"branch","line":104,"loc":{"start":{"line":104,"column":9},"end":{"line":107,"column":3}},"locations":[{"start":{"line":104,"column":9},"end":{"line":107,"column":3}}]},"25":{"type":"branch","line":106,"loc":{"start":{"line":106,"column":29},"end":{"line":106,"column":79}},"locations":[{"start":{"line":106,"column":29},"end":{"line":106,"column":79}}]},"26":{"type":"branch","line":112,"loc":{"start":{"line":112,"column":9},"end":{"line":117,"column":3}},"locations":[{"start":{"line":112,"column":9},"end":{"line":117,"column":3}}]},"27":{"type":"branch","line":115,"loc":{"start":{"line":115,"column":6},"end":{"line":115,"column":53}},"locations":[{"start":{"line":115,"column":6},"end":{"line":115,"column":53}}]},"28":{"type":"branch","line":115,"loc":{"start":{"line":115,"column":28},"end":{"line":115,"column":53}},"locations":[{"start":{"line":115,"column":28},"end":{"line":115,"column":53}}]}},"b":{"0":[100],"1":[0],"2":[400],"3":[789],"4":[201],"5":[57],"6":[588],"7":[988],"8":[953],"9":[948],"10":[874],"11":[884],"12":[15362],"13":[887],"14":[82],"15":[1],"16":[81],"17":[29],"18":[52],"19":[40],"20":[41],"21":[93],"22":[2],"23":[79],"24":[2],"25":[1],"26":[79],"27":[255],"28":[96]},"fnMap":{"0":{"name":"getValidDestinations","decl":{"start":{"line":7,"column":9},"end":{"line":50,"column":3}},"loc":{"start":{"line":7,"column":9},"end":{"line":50,"column":3}},"line":7},"1":{"name":"isWithinBounds","decl":{"start":{"line":55,"column":17},"end":{"line":58,"column":3}},"loc":{"start":{"line":55,"column":17},"end":{"line":58,"column":3}},"line":55},"2":{"name":"getPieceAt","decl":{"start":{"line":63,"column":17},"end":{"line":68,"column":3}},"loc":{"start":{"line":63,"column":17},"end":{"line":68,"column":3}},"line":63},"3":{"name":"isPathClear","decl":{"start":{"line":73,"column":9},"end":{"line":99,"column":3}},"loc":{"start":{"line":73,"column":9},"end":{"line":99,"column":3}},"line":73},"4":{"name":"canCapture","decl":{"start":{"line":104,"column":9},"end":{"line":107,"column":3}},"loc":{"start":{"line":104,"column":9},"end":{"line":107,"column":3}},"line":104},"5":{"name":"isValidMove","decl":{"start":{"line":112,"column":9},"end":{"line":117,"column":3}},"loc":{"start":{"line":112,"column":9},"end":{"line":117,"column":3}},"line":112}},"f":{"0":100,"1":988,"2":884,"3":82,"4":2,"5":79}}
,"/Users/supriyajain/kiro/src/logic/gameController.ts": {"path":"/Users/supriyajain/kiro/src/logic/gameController.ts","all":false,"statementMap":{"0":{"start":{"line":1,"column":0},"end":{"line":1,"column":127}},"1":{"start":{"line":2,"column":0},"end":{"line":2,"column":54}},"2":{"start":{"line":3,"column":0},"end":{"line":3,"column":48}},"3":{"start":{"line":4,"column":0},"end":{"line":4,"column":38}},"4":{"start":{"line":5,"column":0},"end":{"line":5,"column":48}},"5":{"start":{"line":6,"column":0},"end":{"line":6,"column":0}},"6":{"start":{"line":7,"column":0},"end":{"line":7,"column":3}},"7":{"start":{"line":8,"column":0},"end":{"line":8,"column":17}},"8":{"start":{"line":9,"column":0},"end":{"line":9,"column":75}},"9":{"start":{"line":10,"column":0},"end":{"line":10,"column":71}},"10":{"start":{"line":11,"column":0},"end":{"line":11,"column":3}},"11":{"start":{"line":12,"column":0},"end":{"line":12,"column":29}},"12":{"start":{"line":13,"column":0},"end":{"line":13,"column":41}},"13":{"start":{"line":14,"column":0},"end":{"line":14,"column":29}},"14":{"start":{"line":15,"column":0},"end":{"line":15,"column":0}},"15":{"start":{"line":16,"column":0},"end":{"line":16,"column":36}},"16":{"start":{"line":17,"column":0},"end":{"line":17,"column":80}},"17":{"start":{"line":18,"column":0},"end":{"line":18,"column":47}},"18":{"start":{"line":19,"column":0},"end":{"line":19,"column":3}},"19":{"start":{"line":20,"column":0},"end":{"line":20,"column":0}},"20":{"start":{"line":21,"column":0},"end":{"line":21,"column":5}},"21":{"start":{"line":22,"column":0},"end":{"line":22,"column":55}},"22":{"start":{"line":23,"column":0},"end":{"line":23,"column":5}},"23":{"start":{"line":24,"column":0},"end":{"line":24,"column":44}},"24":{"start":{"line":25,"column":0},"end":{"line":25,"column":25}},"25":{"start":{"line":26,"column":0},"end":{"line":26,"column":30}},"26":{"start":{"line":27,"column":0},"end":{"line":27,"column":3}},"27":{"start":{"line":28,"column":0},"end":{"line":28,"column":0}},"28":{"start":{"line":29,"column":0},"end":{"line":29,"column":5}},"29":{"start":{"line":30,"column":0},"end":{"line":30,"column":39}},"30":{"start":{"line":31,"column":0},"end":{"line":31,"column":5}},"31":{"start":{"line":32,"column":0},"end":{"line":32,"column":27}},"32":{"start":{"line":33,"column":0},"end":{"line":33,"column":30}},"33":{"start":{"line":34,"column":0},"end":{"line":34,"column":3}},"34":{"start":{"line":35,"column":0},"end":{"line":35,"column":0}},"35":{"start":{"line":36,"column":0},"end":{"line":36,"column":5}},"36":{"start":{"line":37,"column":0},"end":{"line":37,"column":32}},"37":{"start":{"line":38,"column":0},"end":{"line":38,"column":5}},"38":{"start":{"line":39,"column":0},"end":{"line":39,"column":30}},"39":{"start":{"line":40,"column":0},"end":{"line":40,"column":47}},"40":{"start":{"line":41,"column":0},"end":{"line":41,"column":3}},"41":{"start":{"line":42,"column":0},"end":{"line":42,"column":0}},"42":{"start":{"line":43,"column":0},"end":{"line":43,"column":5}},"43":{"start":{"line":44,"column":0},"end":{"line":44,"column":32}},"44":{"start":{"line":45,"column":0},"end":{"line":45,"column":5}},"45":{"start":{"line":46,"column":0},"end":{"line":46,"column":31}},"46":{"start":{"line":47,"column":0},"end":{"line":47,"column":45}},"47":{"start":{"line":48,"column":0},"end":{"line":48,"column":3}},"48":{"start":{"line":49,"column":0},"end":{"line":49,"column":0}},"49":{"start":{"line":50,"column":0},"end":{"line":50,"column":5}},"50":{"start":{"line":51,"column":0},"end":{"line":51,"column":34}},"51":{"start":{"line":52,"column":0},"end":{"line":52,"column":5}},"52":{"start":{"line":53,"column":0},"end":{"line":53,"column":28}},"53":{"start":{"line":54,"column":0},"end":{"line":54,"column":46}},"54":{"start":{"line":55,"column":0},"end":{"line":55,"column":3}},"55":{"start":{"line":56,"column":0},"end":{"line":56,"column":0}},"56":{"start":{"line":57,"column":0},"end":{"line":57,"column":5}},"57":{"start":{"line":58,"column":0},"end":{"line":58,"column":30}},"58":{"start":{"line":59,"column":0},"end":{"line":59,"column":5}},"59":{"start":{"line":60,"column":0},"end":{"line":60,"column":25}},"60":{"start":{"line":61,"column":0},"end":{"line":61,"column":42}},"61":{"start":{"line":62,"column":0},"end":{"line":62,"column":3}},"62":{"start":{"line":63,"column":0},"end":{"line":63,"column":0}},"63":{"start":{"line":64,"column":0},"end":{"line":64,"column":5}},"64":{"start":{"line":65,"column":0},"end":{"line":65,"column":35}},"65":{"start":{"line":66,"column":0},"end":{"line":66,"column":5}},"66":{"start":{"line":67,"column":0},"end":{"line":67,"column":30}},"67":{"start":{"line":68,"column":0},"end":{"line":68,"column":41}},"68":{"start":{"line":69,"column":0},"end":{"line":69,"column":3}},"69":{"start":{"line":70,"column":0},"end":{"line":70,"column":0}},"70":{"start":{"line":71,"column":0},"end":{"line":71,"column":5}},"71":{"start":{"line":72,"column":0},"end":{"line":72,"column":46}},"72":{"start":{"line":73,"column":0},"end":{"line":73,"column":5}},"73":{"start":{"line":74,"column":0},"end":{"line":74,"column":31}},"74":{"start":{"line":75,"column":0},"end":{"line":75,"column":49}},"75":{"start":{"line":76,"column":0},"end":{"line":76,"column":3}},"76":{"start":{"line":77,"column":0},"end":{"line":77,"column":0}},"77":{"start":{"line":78,"column":0},"end":{"line":78,"column":5}},"78":{"start":{"line":79,"column":0},"end":{"line":79,"column":56}},"79":{"start":{"line":80,"column":0},"end":{"line":80,"column":43}},"80":{"start":{"line":81,"column":0},"end":{"line":81,"column":5}},"81":{"start":{"line":82,"column":0},"end":{"line":82,"column":57}},"82":{"start":{"line":83,"column":0},"end":{"line":83,"column":28}},"83":{"start":{"line":84,"column":0},"end":{"line":84,"column":28}},"84":{"start":{"line":85,"column":0},"end":{"line":85,"column":14}},"85":{"start":{"line":86,"column":0},"end":{"line":86,"column":21}},"86":{"start":{"line":87,"column":0},"end":{"line":87,"column":35}},"87":{"start":{"line":88,"column":0},"end":{"line":88,"column":8}},"88":{"start":{"line":89,"column":0},"end":{"line":89,"column":5}},"89":{"start":{"line":90,"column":0},"end":{"line":90,"column":0}},"90":{"start":{"line":91,"column":0},"end":{"line":91,"column":61}},"91":{"start":{"line":92,"column":0},"end":{"line":92,"column":4}},"92":{"start":{"line":93,"column":0},"end":{"line":93,"column":42}},"93":{"start":{"line":94,"column":0},"end":{"line":94,"column":43}},"94":{"start":{"line":95,"column":0},"end":{"line":95,"column":69}},"95":{"start":{"line":96,"column":0},"end":{"line":96,"column":6}},"96":{"start":{"line":97,"column":0},"end":{"line":97,"column":0}},"97":{"start":{"line":98,"column":0},"end":{"line":98,"column":17}},"98":{"start":{"line":99,"column":0},"end":{"line":99,"column":14}},"99":{"start":{"line":100,"column":0},"end":{"line":100,"column":21}},"100":{"start":{"line":101,"column":0},"end":{"line":101,"column":53}},"101":{"start":{"line":102,"column":0},"end":{"line":102,"column":8}},"102":{"start":{"line":103,"column":0},"end":{"line":103,"column":5}},"103":{"start":{"line":104,"column":0},"end":{"line":104,"column":0}},"104":{"start":{"line":105,"column":0},"end":{"line":105,"column":24}},"105":{"start":{"line":106,"column":0},"end":{"line":106,"column":71}},"106":{"start":{"line":107,"column":0},"end":{"line":107,"column":0}},"107":{"start":{"line":108,"column":0},"end":{"line":108,"column":38}},"108":{"start":{"line":109,"column":0},"end":{"line":109,"column":24}},"109":{"start":{"line":110,"column":0},"end":{"line":110,"column":48}},"110":{"start":{"line":111,"column":0},"end":{"line":111,"column":0}},"111":{"start":{"line":112,"column":0},"end":{"line":112,"column":39}},"112":{"start":{"line":113,"column":0},"end":{"line":113,"column":35}},"113":{"start":{"line":114,"column":0},"end":{"line":114,"column":29}},"114":{"start":{"line":115,"column":0},"end":{"line":115,"column":7}},"115":{"start":{"line":116,"column":0},"end":{"line":116,"column":5}},"116":{"start":{"line":117,"column":0},"end":{"line":117,"column":0}},"117":{"start":{"line":118,"column":0},"end":{"line":118,"column":18}},"118":{"start":{"line":119,"column":0},"end":{"line":119,"column":3}},"119":{"start":{"line":120,"column":0},"end":{"line":120,"column":0}},"120":{"start":{"line":121,"column":0},"end":{"line":121,"column":5}},"121":{"start":{"line":122,"column":0},"end":{"line":122,"column":41}},"122":{"start":{"line":123,"column":0},"end":{"line":123,"column":5}},"123":{"start":{"line":124,"column":0},"end":{"line":124,"column":47}},"124":{"start":{"line":125,"column":0},"end":{"line":125,"column":28}},"125":{"start":{"line":126,"column":0},"end":{"line":126,"column":28}},"126":{"start":{"line":127,"column":0},"end":{"line":127,"column":14}},"127":{"start":{"line":128,"column":0},"end":{"line":128,"column":21}},"128":{"start":{"line":129,"column":0},"end":{"line":129,"column":35}},"129":{"start":{"line":130,"column":0},"end":{"line":130,"column":8}},"130":{"start":{"line":131,"column":0},"end":{"line":131,"column":5}},"131":{"start":{"line":132,"column":0},"end":{"line":132,"column":0}},"132":{"start":{"line":133,"column":0},"end":{"line":133,"column":61}},"133":{"start":{"line":134,"column":0},"end":{"line":134,"column":4}},"134":{"start":{"line":135,"column":0},"end":{"line":135,"column":27}},"135":{"start":{"line":136,"column":0},"end":{"line":136,"column":72}},"136":{"start":{"line":137,"column":0},"end":{"line":137,"column":0}},"137":{"start":{"line":138,"column":0},"end":{"line":138,"column":38}},"138":{"start":{"line":139,"column":0},"end":{"line":139,"column":32}},"139":{"start":{"line":140,"column":0},"end":{"line":140,"column":48}},"140":{"start":{"line":141,"column":0},"end":{"line":141,"column":5}},"141":{"start":{"line":142,"column":0},"end":{"line":142,"column":0}},"142":{"start":{"line":143,"column":0},"end":{"line":143,"column":18}},"143":{"start":{"line":144,"column":0},"end":{"line":144,"column":3}},"144":{"start":{"line":145,"column":0},"end":{"line":145,"column":0}},"145":{"start":{"line":146,"column":0},"end":{"line":146,"column":5}},"146":{"start":{"line":147,"column":0},"end":{"line":147,"column":36}},"147":{"start":{"line":148,"column":0},"end":{"line":148,"column":5}},"148":{"start":{"line":149,"column":0},"end":{"line":149,"column":40}},"149":{"start":{"line":150,"column":0},"end":{"line":150,"column":28}},"150":{"start":{"line":151,"column":0},"end":{"line":151,"column":19}},"151":{"start":{"line":152,"column":0},"end":{"line":152,"column":5}},"152":{"start":{"line":153,"column":0},"end":{"line":153,"column":0}},"153":{"start":{"line":154,"column":0},"end":{"line":154,"column":46}},"154":{"start":{"line":155,"column":0},"end":{"line":155,"column":3}},"155":{"start":{"line":156,"column":0},"end":{"line":156,"column":0}},"156":{"start":{"line":157,"column":0},"end":{"line":157,"column":5}},"157":{"start":{"line":158,"column":0},"end":{"line":158,"column":41}},"158":{"start":{"line":159,"column":0},"end":{"line":159,"column":5}},"159":{"start":{"line":160,"column":0},"end":{"line":160,"column":43}},"160":{"start":{"line":161,"column":0},"end":{"line":161,"column":28}},"161":{"start":{"line":162,"column":0},"end":{"line":162,"column":30}},"162":{"start":{"line":163,"column":0},"end":{"line":163,"column":3}},"163":{"start":{"line":164,"column":0},"end":{"line":164,"column":0}},"164":{"start":{"line":165,"column":0},"end":{"line":165,"column":5}},"165":{"start":{"line":166,"column":0},"end":{"line":166,"column":49}},"166":{"start":{"line":167,"column":0},"end":{"line":167,"column":5}},"167":{"start":{"line":168,"column":0},"end":{"line":168,"column":23}},"168":{"start":{"line":169,"column":0},"end":{"line":169,"column":30}},"169":{"start":{"line":170,"column":0},"end":{"line":170,"column":3}},"170":{"start":{"line":171,"column":0},"end":{"line":171,"column":0}},"171":{"start":{"line":172,"column":0},"end":{"line":172,"column":5}},"172":{"start":{"line":173,"column":0},"end":{"line":173,"column":52}},"173":{"start":{"line":174,"column":0},"end":{"line":174,"column":5}},"174":{"start":{"line":175,"column":0},"end":{"line":175,"column":37}},"175":{"start":{"line":176,"column":0},"end":{"line":176,"column":25}},"176":{"start":{"line":177,"column":0},"end":{"line":177,"column":30}},"177":{"start":{"line":178,"column":0},"end":{"line":178,"column":3}},"178":{"start":{"line":179,"column":0},"end":{"line":179,"column":0}},"179":{"start":{"line":180,"column":0},"end":{"line":180,"column":5}},"180":{"start":{"line":181,"column":0},"end":{"line":181,"column":49}},"181":{"start":{"line":182,"column":0},"end":{"line":182,"column":5}},"182":{"start":{"line":183,"column":0},"end":{"line":183,"column":56}},"183":{"start":{"line":184,"column":0},"end":{"line":184,"column":55}},"184":{"start":{"line":185,"column":0},"end":{"line":185,"column":3}},"185":{"start":{"line":186,"column":0},"end":{"line":186,"column":0}},"186":{"start":{"line":187,"column":0},"end":{"line":187,"column":5}},"187":{"start":{"line":188,"column":0},"end":{"line":188,"column":31}},"188":{"start":{"line":189,"column":0},"end":{"line":189,"column":5}},"189":{"start":{"line":190,"column":0},"end":{"line":190,"column":39}},"190":{"start":{"line":191,"column":0},"end":{"line":191,"column":44}},"191":{"start":{"line":192,"column":0},"end":{"line":192,"column":3}},"192":{"start":{"line":193,"column":0},"end":{"line":193,"column":0}},"193":{"start":{"line":194,"column":0},"end":{"line":194,"column":5}},"194":{"start":{"line":195,"column":0},"end":{"line":195,"column":37}},"195":{"start":{"line":196,"column":0},"end":{"line":196,"column":5}},"196":{"start":{"line":197,"column":0},"end":{"line":197,"column":45}},"197":{"start":{"line":198,"column":0},"end":{"line":198,"column":54}},"198":{"start":{"line":199,"column":0},"end":{"line":199,"column":3}},"199":{"start":{"line":200,"column":0},"end":{"line":200,"column":0}},"200":{"start":{"line":201,"column":0},"end":{"line":201,"column":5}},"201":{"start":{"line":202,"column":0},"end":{"line":202,"column":45}},"202":{"start":{"line":203,"column":0},"end":{"line":203,"column":5}},"203":{"start":{"line":204,"column":0},"end":{"line":204,"column":45}},"204":{"start":{"line":205,"column":0},"end":{"line":205,"column":55}},"205":{"start":{"line":206,"column":0},"end":{"line":206,"column":3}},"206":{"start":{"line":207,"column":0},"end":{"line":207,"column":0}},"207":{"start":{"line":208,"column":0},"end":{"line":208,"column":5}},"208":{"start":{"line":209,"column":0},"end":{"line":209,"column":58}},"209":{"start":{"line":210,"column":0},"end":{"line":210,"column":5}},"210":{"start":{"line":211,"column":0},"end":{"line":211,"column":38}},"211":{"start":{"line":212,"column":0},"end":{"line":212,"column":25}},"212":{"start":{"line":213,"column":0},"end":{"line":213,"column":25}},"213":{"start":{"line":214,"column":0},"end":{"line":214,"column":48}},"214":{"start":{"line":215,"column":0},"end":{"line":215,"column":26}},"215":{"start":{"line":216,"column":0},"end":{"line":216,"column":43}},"216":{"start":{"line":217,"column":0},"end":{"line":217,"column":19}},"217":{"start":{"line":218,"column":0},"end":{"line":218,"column":5}},"218":{"start":{"line":219,"column":0},"end":{"line":219,"column":0}},"219":{"start":{"line":220,"column":0},"end":{"line":220,"column":61}},"220":{"start":{"line":221,"column":0},"end":{"line":221,"column":57}},"221":{"start":{"line":222,"column":0},"end":{"line":222,"column":19}},"222":{"start":{"line":223,"column":0},"end":{"line":223,"column":5}},"223":{"start":{"line":224,"column":0},"end":{"line":224,"column":0}},"224":{"start":{"line":225,"column":0},"end":{"line":225,"column":28}},"225":{"start":{"line":226,"column":0},"end":{"line":226,"column":19}},"226":{"start":{"line":227,"column":0},"end":{"line":227,"column":5}},"227":{"start":{"line":228,"column":0},"end":{"line":228,"column":0}},"228":{"start":{"line":229,"column":0},"end":{"line":229,"column":16}},"229":{"start":{"line":230,"column":0},"end":{"line":230,"column":3}},"230":{"start":{"line":231,"column":0},"end":{"line":231,"column":0}},"231":{"start":{"line":232,"column":0},"end":{"line":232,"column":5}},"232":{"start":{"line":233,"column":0},"end":{"line":233,"column":30}},"233":{"start":{"line":234,"column":0},"end":{"line":234,"column":5}},"234":{"start":{"line":235,"column":0},"end":{"line":235,"column":33}},"235":{"start":{"line":236,"column":0},"end":{"line":236,"column":61}},"236":{"start":{"line":237,"column":0},"end":{"line":237,"column":65}},"237":{"start":{"line":238,"column":0},"end":{"line":238,"column":0}},"238":{"start":{"line":239,"column":0},"end":{"line":239,"column":26}},"239":{"start":{"line":240,"column":0},"end":{"line":240,"column":74}},"240":{"start":{"line":241,"column":0},"end":{"line":241,"column":0}},"241":{"start":{"line":242,"column":0},"end":{"line":242,"column":19}},"242":{"start":{"line":243,"column":0},"end":{"line":243,"column":29}},"243":{"start":{"line":244,"column":0},"end":{"line":244,"column":45}},"244":{"start":{"line":245,"column":0},"end":{"line":245,"column":5}},"245":{"start":{"line":246,"column":0},"end":{"line":246,"column":3}},"246":{"start":{"line":247,"column":0},"end":{"line":247,"column":0}},"247":{"start":{"line":248,"column":0},"end":{"line":248,"column":5}},"248":{"start":{"line":249,"column":0},"end":{"line":249,"column":27}},"249":{"start":{"line":250,"column":0},"end":{"line":250,"column":5}},"250":{"start":{"line":251,"column":0},"end":{"line":251,"column":30}},"251":{"start":{"line":252,"column":0},"end":{"line":252,"column":61}},"252":{"start":{"line":253,"column":0},"end":{"line":253,"column":3}},"253":{"start":{"line":254,"column":0},"end":{"line":254,"column":0}},"254":{"start":{"line":255,"column":0},"end":{"line":255,"column":5}},"255":{"start":{"line":256,"column":0},"end":{"line":256,"column":32}},"256":{"start":{"line":257,"column":0},"end":{"line":257,"column":5}},"257":{"start":{"line":258,"column":0},"end":{"line":258,"column":23}},"258":{"start":{"line":259,"column":0},"end":{"line":259,"column":47}},"259":{"start":{"line":260,"column":0},"end":{"line":260,"column":55}},"260":{"start":{"line":261,"column":0},"end":{"line":261,"column":3}},"261":{"start":{"line":262,"column":0},"end":{"line":262,"column":0}},"262":{"start":{"line":263,"column":0},"end":{"line":263,"column":5}},"263":{"start":{"line":264,"column":0},"end":{"line":264,"column":30}},"264":{"start":{"line":265,"column":0},"end":{"line":265,"column":5}},"265":{"start":{"line":266,"column":0},"end":{"line":266,"column":27}},"266":{"start":{"line":267,"column":0},"end":{"line":267,"column":28}},"267":{"start":{"line":268,"column":0},"end":{"line":268,"column":3}},"268":{"start":{"line":269,"column":0},"end":{"line":269,"column":0}},"269":{"start":{"line":270,"column":0},"end":{"line":270,"column":5}},"270":{"start":{"line":271,"column":0},"end":{"line":271,"column":39}},"271":{"start":{"line":272,"column":0},"end":{"line":272,"column":5}},"272":{"start":{"line":273,"column":0},"end":{"line":273,"column":31}},"273":{"start":{"line":274,"column":0},"end":{"line":274,"column":53}},"274":{"start":{"line":275,"column":0},"end":{"line":275,"column":3}},"275":{"start":{"line":276,"column":0},"end":{"line":276,"column":0}},"276":{"start":{"line":277,"column":0},"end":{"line":277,"column":5}},"277":{"start":{"line":278,"column":0},"end":{"line":278,"column":32}},"278":{"start":{"line":279,"column":0},"end":{"line":279,"column":5}},"279":{"start":{"line":280,"column":0},"end":{"line":280,"column":43}},"280":{"start":{"line":281,"column":0},"end":{"line":281,"column":61}},"281":{"start":{"line":282,"column":0},"end":{"line":282,"column":60}},"282":{"start":{"line":283,"column":0},"end":{"line":283,"column":3}},"283":{"start":{"line":284,"column":0},"end":{"line":284,"column":1}}},"s":{"0":1,"1":1,"2":1,"3":1,"4":1,"5":1,"6":1,"7":1,"8":1,"9":1,"10":1,"11":1,"12":1,"13":1,"14":1,"15":1,"16":50,"17":50,"18":50,"19":1,"20":1,"21":1,"22":1,"23":1,"24":11,"25":11,"26":11,"27":1,"28":1,"29":1,"30":1,"31":1,"32":7,"33":7,"34":1,"35":1,"36":1,"37":1,"38":1,"39":52,"40":52,"41":1,"42":1,"43":1,"44":1,"45":1,"46":38,"47":38,"48":1,"49":1,"50":1,"51":1,"52":1,"53":45,"54":45,"55":1,"56":1,"57":1,"58":1,"59":1,"60":27,"61":27,"62":1,"63":1,"64":1,"65":1,"66":1,"67":1,"68":1,"69":1,"70":1,"71":1,"72":1,"73":1,"74":1,"75":1,"76":1,"77":1,"78":1,"79":1,"80":1,"81":1,"82":18,"83":18,"84":0,"85":0,"86":0,"87":0,"88":0,"89":18,"90":18,"91":18,"92":18,"93":18,"94":18,"95":18,"96":18,"97":18,"98":1,"99":1,"100":1,"101":1,"102":1,"103":17,"104":17,"105":17,"106":17,"107":18,"108":15,"109":15,"110":15,"111":15,"112":15,"113":2,"114":2,"115":15,"116":17,"117":17,"118":18,"119":1,"120":1,"121":1,"122":1,"123":1,"124":1,"125":1,"126":0,"127":0,"128":0,"129":0,"130":0,"131":1,"132":1,"133":1,"134":1,"135":1,"136":1,"137":1,"138":0,"139":0,"140":0,"141":1,"142":1,"143":1,"144":1,"145":1,"146":1,"147":1,"148":1,"149":3,"150":0,"151":0,"152":3,"153":3,"154":3,"155":1,"156":1,"157":1,"158":1,"159":1,"160":3,"161":3,"162":3,"163":1,"164":1,"165":1,"166":1,"167":1,"168":3,"169":3,"170":1,"171":1,"172":1,"173":1,"174":1,"175":3,"176":3,"177":3,"178":1,"179":1,"180":1,"181":1,"182":1,"183":1,"184":1,"185":1,"186":1,"187":1,"188":1,"189":1,"190":2,"191":2,"192":1,"193":1,"194":1,"195":1,"196":1,"197":0,"198":0,"199":1,"200":1,"201":1,"202":1,"203":1,"204":2,"205":2,"206":1,"207":1,"208":1,"209":1,"210":1,"211":15,"212":15,"213":15,"214":15,"215":15,"216":13,"217":13,"218":2,"219":2,"220":15,"221":0,"222":0,"223":2,"224":15,"225":0,"226":0,"227":2,"228":2,"229":15,"230":1,"231":1,"232":1,"233":1,"234":1,"235":2,"236":2,"237":2,"238":2,"239":2,"240":2,"241":2,"242":2,"243":2,"244":2,"245":2,"246":1,"247":1,"248":1,"249":1,"250":1,"251":12,"252":12,"253":1,"254":1,"255":1,"256":1,"257":1,"258":2,"259":1,"260":2,"261":1,"262":1,"263":1,"264":1,"265":1,"266":1,"267":1,"268":1,"269":1,"270":1,"271":1,"272":1,"273":3,"274":3,"275":1,"276":1,"277":1,"278":1,"279":1,"280":0,"281":0,"282":0,"283":1},"branchMap":{"0":{"type":"branch","line":16,"loc":{"start":{"line":16,"column":2},"end":{"line":19,"column":3}},"locations":[{"start":{"line":16,"column":2},"end":{"line":19,"column":3}}]},"1":{"type":"branch","line":17,"loc":{"start":{"line":17,"column":18},"end":{"line":17,"column":80}},"locations":[{"start":{"line":17,"column":18},"end":{"line":17,"column":80}}]},"2":{"type":"branch","line":24,"loc":{"start":{"line":24,"column":2},"end":{"line":27,"column":3}},"locations":[{"start":{"line":24,"column":2},"end":{"line":27,"column":3}}]},"3":{"type":"branch","line":32,"loc":{"start":{"line":32,"column":2},"end":{"line":34,"column":3}},"locations":[{"start":{"line":32,"column":2},"end":{"line":34,"column":3}}]},"4":{"type":"branch","line":39,"loc":{"start":{"line":39,"column":2},"end":{"line":41,"column":3}},"locations":[{"start":{"line":39,"column":2},"end":{"line":41,"column":3}}]},"5":{"type":"branch","line":46,"loc":{"start":{"line":46,"column":2},"end":{"line":48,"column":3}},"locations":[{"start":{"line":46,"column":2},"end":{"line":48,"column":3}}]},"6":{"type":"branch","line":53,"loc":{"start":{"line":53,"column":2},"end":{"line":55,"column":3}},"locations":[{"start":{"line":53,"column":2},"end":{"line":55,"column":3}}]},"7":{"type":"branch","line":60,"loc":{"start":{"line":60,"column":2},"end":{"line":62,"column":3}},"locations":[{"start":{"line":60,"column":2},"end":{"line":62,"column":3}}]},"8":{"type":"branch","line":67,"loc":{"start":{"line":67,"column":2},"end":{"line":69,"column":3}},"locations":[{"start":{"line":67,"column":2},"end":{"line":69,"column":3}}]},"9":{"type":"branch","line":74,"loc":{"start":{"line":74,"column":2},"end":{"line":76,"column":3}},"locations":[{"start":{"line":74,"column":2},"end":{"line":76,"column":3}}]},"10":{"type":"branch","line":82,"loc":{"start":{"line":82,"column":2},"end":{"line":119,"column":3}},"locations":[{"start":{"line":82,"column":2},"end":{"line":119,"column":3}}]},"11":{"type":"branch","line":84,"loc":{"start":{"line":84,"column":27},"end":{"line":89,"column":5}},"locations":[{"start":{"line":84,"column":27},"end":{"line":89,"column":5}}]},"12":{"type":"branch","line":98,"loc":{"start":{"line":98,"column":16},"end":{"line":103,"column":5}},"locations":[{"start":{"line":98,"column":16},"end":{"line":103,"column":5}}]},"13":{"type":"branch","line":103,"loc":{"start":{"line":103,"column":4},"end":{"line":108,"column":24}},"locations":[{"start":{"line":103,"column":4},"end":{"line":108,"column":24}}]},"14":{"type":"branch","line":108,"loc":{"start":{"line":108,"column":15},"end":{"line":108,"column":37}},"locations":[{"start":{"line":108,"column":15},"end":{"line":108,"column":37}}]},"15":{"type":"branch","line":108,"loc":{"start":{"line":108,"column":37},"end":{"line":116,"column":5}},"locations":[{"start":{"line":108,"column":37},"end":{"line":116,"column":5}}]},"16":{"type":"branch","line":113,"loc":{"start":{"line":113,"column":34},"end":{"line":115,"column":7}},"locations":[{"start":{"line":113,"column":34},"end":{"line":115,"column":7}}]},"17":{"type":"branch","line":116,"loc":{"start":{"line":116,"column":4},"end":{"line":118,"column":18}},"locations":[{"start":{"line":116,"column":4},"end":{"line":118,"column":18}}]},"18":{"type":"branch","line":95,"loc":{"start":{"line":95,"column":6},"end":{"line":95,"column":69}},"locations":[{"start":{"line":95,"column":6},"end":{"line":95,"column":69}}]},"19":{"type":"branch","line":95,"loc":{"start":{"line":95,"column":35},"end":{"line":95,"column":69}},"locations":[{"start":{"line":95,"column":35},"end":{"line":95,"column":69}}]},"20":{"type":"branch","line":124,"loc":{"start":{"line":124,"column":2},"end":{"line":144,"column":3}},"locations":[{"start":{"line":124,"column":2},"end":{"line":144,"column":3}}]},"21":{"type":"branch","line":126,"loc":{"start":{"line":126,"column":27},"end":{"line":131,"column":5}},"locations":[{"start":{"line":126,"column":27},"end":{"line":131,"column":5}}]},"22":{"type":"branch","line":138,"loc":{"start":{"line":138,"column":15},"end":{"line":138,"column":37}},"locations":[{"start":{"line":138,"column":15},"end":{"line":138,"column":37}}]},"23":{"type":"branch","line":138,"loc":{"start":{"line":138,"column":37},"end":{"line":141,"column":5}},"locations":[{"start":{"line":138,"column":37},"end":{"line":141,"column":5}}]},"24":{"type":"branch","line":149,"loc":{"start":{"line":149,"column":2},"end":{"line":155,"column":3}},"locations":[{"start":{"line":149,"column":2},"end":{"line":155,"column":3}}]},"25":{"type":"branch","line":150,"loc":{"start":{"line":150,"column":27},"end":{"line":152,"column":5}},"locations":[{"start":{"line":150,"column":27},"end":{"line":152,"column":5}}]},"26":{"type":"branch","line":160,"loc":{"start":{"line":160,"column":2},"end":{"line":163,"column":3}},"locations":[{"start":{"line":160,"column":2},"end":{"line":163,"column":3}}]},"27":{"type":"branch","line":168,"loc":{"start":{"line":168,"column":2},"end":{"line":170,"column":3}},"locations":[{"start":{"line":168,"column":2},"end":{"line":170,"column":3}}]},"28":{"type":"branch","line":175,"loc":{"start":{"line":175,"column":2},"end":{"line":178,"column":3}},"locations":[{"start":{"line":175,"column":2},"end":{"line":178,"column":3}}]},"29":{"type":"branch","line":183,"loc":{"start":{"line":183,"column":2},"end":{"line":185,"column":3}},"locations":[{"start":{"line":183,"column":2},"end":{"line":185,"column":3}}]},"30":{"type":"branch","line":190,"loc":{"start":{"line":190,"column":2},"end":{"line":192,"column":3}},"locations":[{"start":{"line":190,"column":2},"end":{"line":192,"column":3}}]},"31":{"type":"branch","line":204,"loc":{"start":{"line":204,"column":2},"end":{"line":206,"column":3}},"locations":[{"start":{"line":204,"column":2},"end":{"line":206,"column":3}}]},"32":{"type":"branch","line":211,"loc":{"start":{"line":211,"column":10},"end":{"line":230,"column":3}},"locations":[{"start":{"line":211,"column":10},"end":{"line":230,"column":3}}]},"33":{"type":"branch","line":216,"loc":{"start":{"line":216,"column":42},"end":{"line":218,"column":5}},"locations":[{"start":{"line":216,"column":42},"end":{"line":218,"column":5}}]},"34":{"type":"branch","line":218,"loc":{"start":{"line":218,"column":4},"end":{"line":221,"column":56}},"locations":[{"start":{"line":218,"column":4},"end":{"line":221,"column":56}}]},"35":{"type":"branch","line":221,"loc":{"start":{"line":221,"column":56},"end":{"line":223,"column":5}},"locations":[{"start":{"line":221,"column":56},"end":{"line":223,"column":5}}]},"36":{"type":"branch","line":223,"loc":{"start":{"line":223,"column":4},"end":{"line":225,"column":27}},"locations":[{"start":{"line":223,"column":4},"end":{"line":225,"column":27}}]},"37":{"type":"branch","line":225,"loc":{"start":{"line":225,"column":27},"end":{"line":227,"column":5}},"locations":[{"start":{"line":225,"column":27},"end":{"line":227,"column":5}}]},"38":{"type":"branch","line":227,"loc":{"start":{"line":227,"column":4},"end":{"line":229,"column":16}},"locations":[{"start":{"line":227,"column":4},"end":{"line":229,"column":16}}]},"39":{"type":"branch","line":235,"loc":{"start":{"line":235,"column":10},"end":{"line":246,"column":3}},"locations":[{"start":{"line":235,"column":10},"end":{"line":246,"column":3}}]},"40":{"type":"branch","line":237,"loc":{"start":{"line":237,"column":35},"end":{"line":237,"column":65}},"locations":[{"start":{"line":237,"column":35},"end":{"line":237,"column":65}}]},"41":{"type":"branch","line":251,"loc":{"start":{"line":251,"column":2},"end":{"line":253,"column":3}},"locations":[{"start":{"line":251,"column":2},"end":{"line":253,"column":3}}]},"42":{"type":"branch","line":258,"loc":{"start":{"line":258,"column":2},"end":{"line":261,"column":3}},"locations":[{"start":{"line":258,"column":2},"end":{"line":261,"column":3}}]},"43":{"type":"branch","line":259,"loc":{"start":{"line":259,"column":41},"end":{"line":260,"column":55}},"locations":[{"start":{"line":259,"column":41},"end":{"line":260,"column":55}}]},"44":{"type":"branch","line":266,"loc":{"start":{"line":266,"column":2},"end":{"line":268,"column":3}},"locations":[{"start":{"line":266,"column":2},"end":{"line":268,"column":3}}]},"45":{"type":"branch","line":273,"loc":{"start":{"line":273,"column":2},"end":{"line":275,"column":3}},"locations":[{"start":{"line":273,"column":2},"end":{"line":275,"column":3}}]},"46":{"type":"branch","line":274,"loc":{"start":{"line":274,"column":23},"end":{"line":274,"column":53}},"locations":[{"start":{"line":274,"column":23},"end":{"line":274,"column":53}}]}},"b":{"0":[50],"1":[10],"2":[11],"3":[7],"4":[52],"5":[38],"6":[45],"7":[27],"8":[1],"9":[1],"10":[18],"11":[0],"12":[1],"13":[17],"14":[15],"15":[15],"16":[2],"17":[17],"18":[184],"19":[18],"20":[1],"21":[0],"22":[0],"23":[0],"24":[3],"25":[0],"26":[3],"27":[3],"28":[3],"29":[1],"30":[2],"31":[2],"32":[15],"33":[13],"34":[2],"35":[0],"36":[2],"37":[0],"38":[2],"39":[2],"40":[0],"41":[12],"42":[2],"43":[1],"44":[1],"45":[3],"46":[0]},"fnMap":{"0":{"name":"GameController","decl":{"start":{"line":16,"column":2},"end":{"line":19,"column":3}},"loc":{"start":{"line":16,"column":2},"end":{"line":19,"column":3}},"line":16},"1":{"name":"initializeGame","decl":{"start":{"line":24,"column":2},"end":{"line":27,"column":3}},"loc":{"start":{"line":24,"column":2},"end":{"line":27,"column":3}},"line":24},"2":{"name":"getConfig","decl":{"start":{"line":32,"column":2},"end":{"line":34,"column":3}},"loc":{"start":{"line":32,"column":2},"end":{"line":34,"column":3}},"line":32},"3":{"name":"getGameState","decl":{"start":{"line":39,"column":2},"end":{"line":41,"column":3}},"loc":{"start":{"line":39,"column":2},"end":{"line":41,"column":3}},"line":39},"4":{"name":"getGameStatus","decl":{"start":{"line":46,"column":2},"end":{"line":48,"column":3}},"loc":{"start":{"line":46,"column":2},"end":{"line":48,"column":3}},"line":46},"5":{"name":"getMoveHistory","decl":{"start":{"line":53,"column":2},"end":{"line":55,"column":3}},"loc":{"start":{"line":53,"column":2},"end":{"line":55,"column":3}},"line":53},"6":{"name":"isGameOver","decl":{"start":{"line":60,"column":2},"end":{"line":62,"column":3}},"loc":{"start":{"line":60,"column":2},"end":{"line":62,"column":3}},"line":60},"7":{"name":"getWinner","decl":{"start":{"line":67,"column":2},"end":{"line":69,"column":3}},"loc":{"start":{"line":67,"column":2},"end":{"line":69,"column":3}},"line":67},"8":{"name":"getOutcomeMessage","decl":{"start":{"line":74,"column":2},"end":{"line":76,"column":3}},"loc":{"start":{"line":74,"column":2},"end":{"line":76,"column":3}},"line":74},"9":{"name":"attemptMove","decl":{"start":{"line":82,"column":2},"end":{"line":119,"column":3}},"loc":{"start":{"line":82,"column":2},"end":{"line":119,"column":3}},"line":82},"10":{"name":"attemptUpgrade","decl":{"start":{"line":124,"column":2},"end":{"line":144,"column":3}},"loc":{"start":{"line":124,"column":2},"end":{"line":144,"column":3}},"line":124},"11":{"name":"undoMove","decl":{"start":{"line":149,"column":2},"end":{"line":155,"column":3}},"loc":{"start":{"line":149,"column":2},"end":{"line":155,"column":3}},"line":149},"12":{"name":"switchMode","decl":{"start":{"line":160,"column":2},"end":{"line":163,"column":3}},"loc":{"start":{"line":160,"column":2},"end":{"line":163,"column":3}},"line":160},"13":{"name":"restartGame","decl":{"start":{"line":168,"column":2},"end":{"line":170,"column":3}},"loc":{"start":{"line":168,"column":2},"end":{"line":170,"column":3}},"line":168},"14":{"name":"newGame","decl":{"start":{"line":175,"column":2},"end":{"line":178,"column":3}},"loc":{"start":{"line":175,"column":2},"end":{"line":178,"column":3}},"line":175},"15":{"name":"getStateAtMove","decl":{"start":{"line":183,"column":2},"end":{"line":185,"column":3}},"loc":{"start":{"line":183,"column":2},"end":{"line":185,"column":3}},"line":183},"16":{"name":"canUndo","decl":{"start":{"line":190,"column":2},"end":{"line":192,"column":3}},"loc":{"start":{"line":190,"column":2},"end":{"line":192,"column":3}},"line":190},"17":{"name":"canUpgradePiece","decl":{"start":{"line":197,"column":2},"end":{"line":199,"column":3}},"loc":{"start":{"line":197,"column":2},"end":{"line":199,"column":3}},"line":197},"18":{"name":"getResourcePoints","decl":{"start":{"line":204,"column":2},"end":{"line":206,"column":3}},"loc":{"start":{"line":204,"column":2},"end":{"line":206,"column":3}},"line":204},"19":{"name":"shouldTriggerAI","decl":{"start":{"line":211,"column":10},"end":{"line":230,"column":3}},"loc":{"start":{"line":211,"column":10},"end":{"line":230,"column":3}},"line":211},"20":{"name":"triggerAIMove","decl":{"start":{"line":235,"column":10},"end":{"line":246,"column":3}},"loc":{"start":{"line":235,"column":10},"end":{"line":246,"column":3}},"line":235},"21":{"name":"getCurrentPlayer","decl":{"start":{"line":251,"column":2},"end":{"line":253,"column":3}},"loc":{"start":{"line":251,"column":2},"end":{"line":253,"column":3}},"line":251},"22":{"name":"isAITurn","decl":{"start":{"line":258,"column":2},"end":{"line":261,"column":3}},"loc":{"start":{"line":258,"column":2},"end":{"line":261,"column":3}},"line":258},"23":{"name":"getGameMode","decl":{"start":{"line":266,"column":2},"end":{"line":268,"column":3}},"loc":{"start":{"line":266,"column":2},"end":{"line":268,"column":3}},"line":266},"24":{"name":"getDifficulty","decl":{"start":{"line":273,"column":2},"end":{"line":275,"column":3}},"loc":{"start":{"line":273,"column":2},"end":{"line":275,"column":3}},"line":273},"25":{"name":"getValidMoves","decl":{"start":{"line":280,"column":2},"end":{"line":283,"column":3}},"loc":{"start":{"line":280,"column":2},"end":{"line":283,"column":3}},"line":280}},"f":{"0":50,"1":11,"2":7,"3":52,"4":38,"5":45,"6":27,"7":1,"8":1,"9":18,"10":1,"11":3,"12":3,"13":3,"14":3,"15":1,"16":2,"17":0,"18":2,"19":15,"20":2,"21":12,"22":2,"23":1,"24":3,"25":0}}
,"/Users/supriyajain/kiro/src/logic/gameState.ts": {"path":"/Users/supriyajain/kiro/src/logic/gameState.ts","all":false,"statementMap":{"0":{"start":{"line":1,"column":0},"end":{"line":1,"column":80}},"1":{"start":{"line":2,"column":0},"end":{"line":2,"column":0}},"2":{"start":{"line":3,"column":0},"end":{"line":3,"column":3}},"3":{"start":{"line":4,"column":0},"end":{"line":4,"column":21}},"4":{"start":{"line":5,"column":0},"end":{"line":5,"column":88}},"5":{"start":{"line":6,"column":0},"end":{"line":6,"column":3}},"6":{"start":{"line":7,"column":0},"end":{"line":7,"column":24}},"7":{"start":{"line":8,"column":0},"end":{"line":8,"column":5}},"8":{"start":{"line":9,"column":0},"end":{"line":9,"column":56}},"9":{"start":{"line":10,"column":0},"end":{"line":10,"column":5}},"10":{"start":{"line":11,"column":0},"end":{"line":11,"column":40}},"11":{"start":{"line":12,"column":0},"end":{"line":12,"column":31}},"12":{"start":{"line":13,"column":0},"end":{"line":13,"column":0}},"13":{"start":{"line":14,"column":0},"end":{"line":14,"column":33}},"14":{"start":{"line":15,"column":0},"end":{"line":15,"column":32}},"15":{"start":{"line":16,"column":0},"end":{"line":16,"column":16}},"16":{"start":{"line":17,"column":0},"end":{"line":17,"column":119}},"17":{"start":{"line":18,"column":0},"end":{"line":18,"column":119}},"18":{"start":{"line":19,"column":0},"end":{"line":19,"column":119}},"19":{"start":{"line":20,"column":0},"end":{"line":20,"column":119}},"20":{"start":{"line":21,"column":0},"end":{"line":21,"column":123}},"21":{"start":{"line":22,"column":0},"end":{"line":22,"column":123}},"22":{"start":{"line":23,"column":0},"end":{"line":23,"column":123}},"23":{"start":{"line":24,"column":0},"end":{"line":24,"column":122}},"24":{"start":{"line":25,"column":0},"end":{"line":25,"column":6}},"25":{"start":{"line":26,"column":0},"end":{"line":26,"column":0}},"26":{"start":{"line":27,"column":0},"end":{"line":27,"column":23}},"27":{"start":{"line":28,"column":0},"end":{"line":28,"column":16}},"28":{"start":{"line":29,"column":0},"end":{"line":29,"column":123}},"29":{"start":{"line":30,"column":0},"end":{"line":30,"column":123}},"30":{"start":{"line":31,"column":0},"end":{"line":31,"column":123}},"31":{"start":{"line":32,"column":0},"end":{"line":32,"column":122}},"32":{"start":{"line":33,"column":0},"end":{"line":33,"column":6}},"33":{"start":{"line":34,"column":0},"end":{"line":34,"column":0}},"34":{"start":{"line":35,"column":0},"end":{"line":35,"column":33}},"35":{"start":{"line":36,"column":0},"end":{"line":36,"column":23}},"36":{"start":{"line":37,"column":0},"end":{"line":37,"column":16}},"37":{"start":{"line":38,"column":0},"end":{"line":38,"column":123}},"38":{"start":{"line":39,"column":0},"end":{"line":39,"column":123}},"39":{"start":{"line":40,"column":0},"end":{"line":40,"column":123}},"40":{"start":{"line":41,"column":0},"end":{"line":41,"column":122}},"41":{"start":{"line":42,"column":0},"end":{"line":42,"column":6}},"42":{"start":{"line":43,"column":0},"end":{"line":43,"column":0}},"43":{"start":{"line":44,"column":0},"end":{"line":44,"column":32}},"44":{"start":{"line":45,"column":0},"end":{"line":45,"column":16}},"45":{"start":{"line":46,"column":0},"end":{"line":46,"column":123}},"46":{"start":{"line":47,"column":0},"end":{"line":47,"column":123}},"47":{"start":{"line":48,"column":0},"end":{"line":48,"column":123}},"48":{"start":{"line":49,"column":0},"end":{"line":49,"column":123}},"49":{"start":{"line":50,"column":0},"end":{"line":50,"column":119}},"50":{"start":{"line":51,"column":0},"end":{"line":51,"column":119}},"51":{"start":{"line":52,"column":0},"end":{"line":52,"column":119}},"52":{"start":{"line":53,"column":0},"end":{"line":53,"column":118}},"53":{"start":{"line":54,"column":0},"end":{"line":54,"column":6}},"54":{"start":{"line":55,"column":0},"end":{"line":55,"column":0}},"55":{"start":{"line":56,"column":0},"end":{"line":56,"column":12}},"56":{"start":{"line":57,"column":0},"end":{"line":57,"column":13}},"57":{"start":{"line":58,"column":0},"end":{"line":58,"column":37}},"58":{"start":{"line":59,"column":0},"end":{"line":59,"column":23}},"59":{"start":{"line":60,"column":0},"end":{"line":60,"column":29}},"60":{"start":{"line":61,"column":0},"end":{"line":61,"column":28}},"61":{"start":{"line":62,"column":0},"end":{"line":62,"column":8}},"62":{"start":{"line":63,"column":0},"end":{"line":63,"column":19}},"63":{"start":{"line":64,"column":0},"end":{"line":64,"column":30}},"64":{"start":{"line":65,"column":0},"end":{"line":65,"column":6}},"65":{"start":{"line":66,"column":0},"end":{"line":66,"column":3}},"66":{"start":{"line":67,"column":0},"end":{"line":67,"column":0}},"67":{"start":{"line":68,"column":0},"end":{"line":68,"column":5}},"68":{"start":{"line":69,"column":0},"end":{"line":69,"column":48}},"69":{"start":{"line":70,"column":0},"end":{"line":70,"column":5}},"70":{"start":{"line":71,"column":0},"end":{"line":71,"column":63}},"71":{"start":{"line":72,"column":0},"end":{"line":72,"column":56}},"72":{"start":{"line":73,"column":0},"end":{"line":73,"column":0}},"73":{"start":{"line":74,"column":0},"end":{"line":74,"column":35}},"74":{"start":{"line":75,"column":0},"end":{"line":75,"column":29}},"75":{"start":{"line":76,"column":0},"end":{"line":76,"column":86}},"76":{"start":{"line":77,"column":0},"end":{"line":77,"column":33}},"77":{"start":{"line":78,"column":0},"end":{"line":78,"column":43}},"78":{"start":{"line":79,"column":0},"end":{"line":79,"column":7}},"79":{"start":{"line":80,"column":0},"end":{"line":80,"column":5}},"80":{"start":{"line":81,"column":0},"end":{"line":81,"column":0}},"81":{"start":{"line":82,"column":0},"end":{"line":82,"column":53}},"82":{"start":{"line":83,"column":0},"end":{"line":83,"column":78}},"83":{"start":{"line":84,"column":0},"end":{"line":84,"column":34}},"84":{"start":{"line":85,"column":0},"end":{"line":85,"column":37}},"85":{"start":{"line":86,"column":0},"end":{"line":86,"column":39}},"86":{"start":{"line":87,"column":0},"end":{"line":87,"column":33}},"87":{"start":{"line":88,"column":0},"end":{"line":88,"column":23}},"88":{"start":{"line":89,"column":0},"end":{"line":89,"column":81}},"89":{"start":{"line":90,"column":0},"end":{"line":90,"column":8}},"90":{"start":{"line":91,"column":0},"end":{"line":91,"column":5}},"91":{"start":{"line":92,"column":0},"end":{"line":92,"column":0}},"92":{"start":{"line":93,"column":0},"end":{"line":93,"column":36}},"93":{"start":{"line":94,"column":0},"end":{"line":94,"column":58}},"94":{"start":{"line":95,"column":0},"end":{"line":95,"column":29}},"95":{"start":{"line":96,"column":0},"end":{"line":96,"column":50}},"96":{"start":{"line":97,"column":0},"end":{"line":97,"column":5}},"97":{"start":{"line":98,"column":0},"end":{"line":98,"column":25}},"98":{"start":{"line":99,"column":0},"end":{"line":99,"column":50}},"99":{"start":{"line":100,"column":0},"end":{"line":100,"column":5}},"100":{"start":{"line":101,"column":0},"end":{"line":101,"column":0}},"101":{"start":{"line":102,"column":0},"end":{"line":102,"column":67}},"102":{"start":{"line":103,"column":0},"end":{"line":103,"column":107}},"103":{"start":{"line":104,"column":0},"end":{"line":104,"column":139}},"104":{"start":{"line":105,"column":0},"end":{"line":105,"column":0}},"105":{"start":{"line":106,"column":0},"end":{"line":106,"column":12}},"106":{"start":{"line":107,"column":0},"end":{"line":107,"column":24}},"107":{"start":{"line":108,"column":0},"end":{"line":108,"column":32}},"108":{"start":{"line":109,"column":0},"end":{"line":109,"column":40}},"109":{"start":{"line":110,"column":0},"end":{"line":110,"column":71}},"110":{"start":{"line":111,"column":0},"end":{"line":111,"column":133}},"111":{"start":{"line":112,"column":0},"end":{"line":112,"column":6}},"112":{"start":{"line":113,"column":0},"end":{"line":113,"column":3}},"113":{"start":{"line":114,"column":0},"end":{"line":114,"column":0}},"114":{"start":{"line":115,"column":0},"end":{"line":115,"column":5}},"115":{"start":{"line":116,"column":0},"end":{"line":116,"column":37}},"116":{"start":{"line":117,"column":0},"end":{"line":117,"column":5}},"117":{"start":{"line":118,"column":0},"end":{"line":118,"column":79}},"118":{"start":{"line":119,"column":0},"end":{"line":119,"column":29}},"119":{"start":{"line":120,"column":0},"end":{"line":120,"column":77}},"120":{"start":{"line":121,"column":0},"end":{"line":121,"column":6}},"121":{"start":{"line":122,"column":0},"end":{"line":122,"column":3}},"122":{"start":{"line":123,"column":0},"end":{"line":123,"column":0}},"123":{"start":{"line":124,"column":0},"end":{"line":124,"column":5}},"124":{"start":{"line":125,"column":0},"end":{"line":125,"column":34}},"125":{"start":{"line":126,"column":0},"end":{"line":126,"column":5}},"126":{"start":{"line":127,"column":0},"end":{"line":127,"column":52}},"127":{"start":{"line":128,"column":0},"end":{"line":128,"column":12}},"128":{"start":{"line":129,"column":0},"end":{"line":129,"column":77}},"129":{"start":{"line":130,"column":0},"end":{"line":130,"column":41}},"130":{"start":{"line":131,"column":0},"end":{"line":131,"column":50}},"131":{"start":{"line":132,"column":0},"end":{"line":132,"column":33}},"132":{"start":{"line":133,"column":0},"end":{"line":133,"column":56}},"133":{"start":{"line":134,"column":0},"end":{"line":134,"column":6}},"134":{"start":{"line":135,"column":0},"end":{"line":135,"column":3}},"135":{"start":{"line":136,"column":0},"end":{"line":136,"column":1}}},"s":{"0":1,"1":1,"2":1,"3":1,"4":1,"5":1,"6":1,"7":1,"8":1,"9":1,"10":1,"11":179,"12":179,"13":179,"14":179,"15":179,"16":179,"17":179,"18":179,"19":179,"20":179,"21":179,"22":179,"23":179,"24":179,"25":179,"26":179,"27":179,"28":179,"29":179,"30":179,"31":179,"32":179,"33":179,"34":179,"35":179,"36":179,"37":179,"38":179,"39":179,"40":179,"41":179,"42":179,"43":179,"44":179,"45":179,"46":179,"47":179,"48":179,"49":179,"50":179,"51":179,"52":179,"53":179,"54":179,"55":179,"56":179,"57":179,"58":179,"59":179,"60":179,"61":179,"62":179,"63":179,"64":179,"65":179,"66":1,"67":1,"68":1,"69":1,"70":1,"71":272,"72":272,"73":272,"74":272,"75":29,"76":29,"77":29,"78":29,"79":29,"80":272,"81":272,"82":272,"83":272,"84":272,"85":272,"86":272,"87":272,"88":272,"89":272,"90":272,"91":272,"92":272,"93":272,"94":272,"95":29,"96":29,"97":272,"98":15,"99":15,"100":272,"101":272,"102":272,"103":272,"104":272,"105":272,"106":272,"107":272,"108":272,"109":272,"110":272,"111":272,"112":272,"113":1,"114":1,"115":1,"116":1,"117":1,"118":406,"119":406,"120":406,"121":406,"122":1,"123":1,"124":1,"125":1,"126":1,"127":339,"128":339,"129":339,"130":339,"131":339,"132":339,"133":339,"134":339,"135":1}
[...]
ine":101,"column":18}},"locations":[{"start":{"line":86,"column":26},"end":{"line":101,"column":18}}]},"6":{"type":"branch","line":19,"loc":{"start":{"line":19,"column":21},"end":{"line":28,"column":4}},"locations":[{"start":{"line":19,"column":21},"end":{"line":28,"column":4}}]},"7":{"type":"branch","line":24,"loc":{"start":{"line":24,"column":25},"end":{"line":24,"column":56}},"locations":[{"start":{"line":24,"column":25},"end":{"line":24,"column":56}}]},"8":{"type":"branch","line":25,"loc":{"start":{"line":25,"column":25},"end":{"line":25,"column":52}},"locations":[{"start":{"line":25,"column":25},"end":{"line":25,"column":52}}]},"9":{"type":"branch","line":30,"loc":{"start":{"line":30,"column":27},"end":{"line":41,"column":4}},"locations":[{"start":{"line":30,"column":27},"end":{"line":41,"column":4}}]},"10":{"type":"branch","line":34,"loc":{"start":{"line":34,"column":6},"end":{"line":35,"column":24}},"locations":[{"start":{"line":34,"column":6},"end":{"line":35,"column":24}}]},"11":{"type":"branch","line":36,"loc":{"start":{"line":36,"column":6},"end":{"line":37,"column":24}},"locations":[{"start":{"line":36,"column":6},"end":{"line":37,"column":24}}]},"12":{"type":"branch","line":38,"loc":{"start":{"line":38,"column":6},"end":{"line":39,"column":23}},"locations":[{"start":{"line":38,"column":6},"end":{"line":39,"column":23}}]},"13":{"type":"branch","line":43,"loc":{"start":{"line":43,"column":29},"end":{"line":46,"column":4}},"locations":[{"start":{"line":43,"column":29},"end":{"line":46,"column":4}}]},"14":{"type":"branch","line":74,"loc":{"start":{"line":74,"column":24},"end":{"line":81,"column":22}},"locations":[{"start":{"line":74,"column":24},"end":{"line":81,"column":22}}]}},"b":{"0":[27],"1":[0],"2":[0],"3":[25],"4":[2],"5":[2],"6":[2],"7":[0],"8":[0],"9":[2],"10":[0],"11":[0],"12":[0],"13":[4],"14":[2]},"fnMap":{"0":{"name":"MoveHistory","decl":{"start":{"line":11,"column":48},"end":{"line":107,"column":2}},"loc":{"start":{"line":11,"column":48},"end":{"line":107,"column":2}},"line":11},"1":{"name":"formatMove","decl":{"start":{"line":19,"column":21},"end":{"line":28,"column":4}},"loc":{"start":{"line":19,"column":21},"end":{"line":28,"column":4}},"line":19},"2":{"name":"getPieceTypeName","decl":{"start":{"line":30,"column":27},"end":{"line":41,"column":4}},"loc":{"start":{"line":30,"column":27},"end":{"line":41,"column":4}},"line":30},"3":{"name":"positionToNotation","decl":{"start":{"line":43,"column":29},"end":{"line":46,"column":4}},"loc":{"start":{"line":43,"column":29},"end":{"line":46,"column":4}},"line":43},"4":{"name":"handleUndo","decl":{"start":{"line":48,"column":21},"end":{"line":53,"column":4}},"loc":{"start":{"line":48,"column":21},"end":{"line":53,"column":4}},"line":48},"5":{"name":"toggleCollapse","decl":{"start":{"line":55,"column":25},"end":{"line":57,"column":4}},"loc":{"start":{"line":55,"column":25},"end":{"line":57,"column":4}},"line":55},"6":{"name":"onClick","decl":{"start":{"line":78,"column":27},"end":{"line":78,"column":67}},"loc":{"start":{"line":78,"column":27},"end":{"line":78,"column":67}},"line":78},"7":{"name":"onChange","decl":{"start":{"line":92,"column":26},"end":{"line":92,"column":70}},"loc":{"start":{"line":92,"column":26},"end":{"line":92,"column":70}},"line":92}},"f":{"0":27,"1":2,"2":2,"3":4,"4":0,"5":0,"6":0,"7":0}}
,"/Users/supriyajain/kiro/src/ui/components/PieceComponent.tsx": {"path":"/Users/supriyajain/kiro/src/ui/components/PieceComponent.tsx","all":false,"statementMap":{"0":{"start":{"line":1,"column":0},"end":{"line":1,"column":26}},"1":{"start":{"line":2,"column":0},"end":{"line":2,"column":55}},"2":{"start":{"line":3,"column":0},"end":{"line":3,"column":30}},"3":{"start":{"line":4,"column":0},"end":{"line":4,"column":0}},"4":{"start":{"line":5,"column":0},"end":{"line":5,"column":31}},"5":{"start":{"line":6,"column":0},"end":{"line":6,"column":15}},"6":{"start":{"line":7,"column":0},"end":{"line":7,"column":39}},"7":{"start":{"line":8,"column":0},"end":{"line":8,"column":25}},"8":{"start":{"line":9,"column":0},"end":{"line":9,"column":1}},"9":{"start":{"line":10,"column":0},"end":{"line":10,"column":0}},"10":{"start":{"line":11,"column":0},"end":{"line":11,"column":56}},"11":{"start":{"line":12,"column":0},"end":{"line":12,"column":8}},"12":{"start":{"line":13,"column":0},"end":{"line":13,"column":14}},"13":{"start":{"line":14,"column":0},"end":{"line":14,"column":12}},"14":{"start":{"line":15,"column":0},"end":{"line":15,"column":7}},"15":{"start":{"line":16,"column":0},"end":{"line":16,"column":51}},"16":{"start":{"line":17,"column":0},"end":{"line":17,"column":22}},"17":{"start":{"line":18,"column":0},"end":{"line":18,"column":25}},"18":{"start":{"line":19,"column":0},"end":{"line":19,"column":5}},"19":{"start":{"line":20,"column":0},"end":{"line":20,"column":4}},"20":{"start":{"line":21,"column":0},"end":{"line":21,"column":0}},"21":{"start":{"line":22,"column":0},"end":{"line":22,"column":31}},"22":{"start":{"line":23,"column":0},"end":{"line":23,"column":20}},"23":{"start":{"line":24,"column":0},"end":{"line":24,"column":18}},"24":{"start":{"line":25,"column":0},"end":{"line":25,"column":5}},"25":{"start":{"line":26,"column":0},"end":{"line":26,"column":4}},"26":{"start":{"line":27,"column":0},"end":{"line":27,"column":0}},"27":{"start":{"line":28,"column":0},"end":{"line":28,"column":53}},"28":{"start":{"line":29,"column":0},"end":{"line":29,"column":22}},"29":{"start":{"line":30,"column":0},"end":{"line":30,"column":25}},"30":{"start":{"line":31,"column":0},"end":{"line":31,"column":5}},"31":{"start":{"line":32,"column":0},"end":{"line":32,"column":4}},"32":{"start":{"line":33,"column":0},"end":{"line":33,"column":0}},"33":{"start":{"line":34,"column":0},"end":{"line":34,"column":70}},"34":{"start":{"line":35,"column":0},"end":{"line":35,"column":21}},"35":{"start":{"line":36,"column":0},"end":{"line":36,"column":62}},"36":{"start":{"line":37,"column":0},"end":{"line":37,"column":64}},"37":{"start":{"line":38,"column":0},"end":{"line":38,"column":64}},"38":{"start":{"line":39,"column":0},"end":{"line":39,"column":63}},"39":{"start":{"line":40,"column":0},"end":{"line":40,"column":6}},"40":{"start":{"line":41,"column":0},"end":{"line":41,"column":25}},"41":{"start":{"line":42,"column":0},"end":{"line":42,"column":4}},"42":{"start":{"line":43,"column":0},"end":{"line":43,"column":0}},"43":{"start":{"line":44,"column":0},"end":{"line":44,"column":51}},"44":{"start":{"line":45,"column":0},"end":{"line":45,"column":0}},"45":{"start":{"line":46,"column":0},"end":{"line":46,"column":10}},"46":{"start":{"line":47,"column":0},"end":{"line":47,"column":8}},"47":{"start":{"line":48,"column":0},"end":{"line":48,"column":28}},"48":{"start":{"line":49,"column":0},"end":{"line":49,"column":15}},"49":{"start":{"line":50,"column":0},"end":{"line":50,"column":35}},"50":{"start":{"line":51,"column":0},"end":{"line":51,"column":31}},"51":{"start":{"line":52,"column":0},"end":{"line":52,"column":37}},"52":{"start":{"line":53,"column":0},"end":{"line":53,"column":5}},"53":{"start":{"line":54,"column":0},"end":{"line":54,"column":47}},"54":{"start":{"line":55,"column":0},"end":{"line":55,"column":10}},"55":{"start":{"line":56,"column":0},"end":{"line":56,"column":4}},"56":{"start":{"line":57,"column":0},"end":{"line":57,"column":2}},"57":{"start":{"line":58,"column":0},"end":{"line":58,"column":0}},"58":{"start":{"line":59,"column":0},"end":{"line":59,"column":30}}},"s":{"0":1,"1":1,"2":1,"3":1,"4":1,"5":1,"6":1,"7":1,"8":1,"9":1,"10":1,"11":556,"12":556,"13":556,"14":556,"15":556,"16":0,"17":0,"18":0,"19":0,"20":556,"21":556,"22":0,"23":0,"24":0,"25":0,"26":556,"27":556,"28":0,"29":0,"30":0,"31":0,"32":556,"33":556,"34":556,"35":556,"36":556,"37":556,"38":556,"39":556,"40":556,"41":556,"42":556,"43":556,"44":556,"45":556,"46":556,"47":556,"48":556,"49":556,"50":556,"51":556,"52":556,"53":556,"54":556,"55":556,"56":556,"57":1,"58":1},"branchMap":{"0":{"type":"branch","line":11,"loc":{"start":{"line":11,"column":54},"end":{"line":57,"column":2}},"locations":[{"start":{"line":11,"column":54},"end":{"line":57,"column":2}}]},"1":{"type":"branch","line":34,"loc":{"start":{"line":34,"column":25},"end":{"line":42,"column":4}},"locations":[{"start":{"line":34,"column":25},"end":{"line":42,"column":4}}]},"2":{"type":"branch","line":36,"loc":{"start":{"line":36,"column":41},"end":{"line":36,"column":58}},"locations":[{"start":{"line":36,"column":41},"end":{"line":36,"column":58}}]},"3":{"type":"branch","line":36,"loc":{"start":{"line":36,"column":52},"end":{"line":36,"column":62}},"locations":[{"start":{"line":36,"column":52},"end":{"line":36,"column":62}}]},"4":{"type":"branch","line":37,"loc":{"start":{"line":37,"column":43},"end":{"line":37,"column":60}},"locations":[{"start":{"line":37,"column":43},"end":{"line":37,"column":60}}]},"5":{"type":"branch","line":37,"loc":{"start":{"line":37,"column":54},"end":{"line":37,"column":64}},"locations":[{"start":{"line":37,"column":54},"end":{"line":37,"column":64}}]},"6":{"type":"branch","line":38,"loc":{"start":{"line":38,"column":43},"end":{"line":38,"column":60}},"locations":[{"start":{"line":38,"column":43},"end":{"line":38,"column":60}}]},"7":{"type":"branch","line":38,"loc":{"start":{"line":38,"column":54},"end":{"line":38,"column":64}},"locations":[{"start":{"line":38,"column":54},"end":{"line":38,"column":64}}]},"8":{"type":"branch","line":39,"loc":{"start":{"line":39,"column":42},"end":{"line":39,"column":59}},"locations":[{"start":{"line":39,"column":42},"end":{"line":39,"column":59}}]},"9":{"type":"branch","line":39,"loc":{"start":{"line":39,"column":53},"end":{"line":39,"column":63}},"locations":[{"start":{"line":39,"column":53},"end":{"line":39,"column":63}}]}},"b":{"0":[556],"1":[556],"2":[280],"3":[276],"4":[280],"5":[276],"6":[280],"7":[276],"8":[280],"9":[276]},"fnMap":{"0":{"name":"PieceComponent","decl":{"start":{"line":11,"column":54},"end":{"line":57,"column":2}},"loc":{"start":{"line":11,"column":54},"end":{"line":57,"column":2}},"line":11},"1":{"name":"handleDragStart","decl":{"start":{"line":16,"column":26},"end":{"line":20,"column":4}},"loc":{"start":{"line":16,"column":26},"end":{"line":20,"column":4}},"line":16},"2":{"name":"handleDragEnd","decl":{"start":{"line":22,"column":24},"end":{"line":26,"column":4}},"loc":{"start":{"line":22,"column":24},"end":{"line":26,"column":4}},"line":22},"3":{"name":"handleTouchStart","decl":{"start":{"line":28,"column":27},"end":{"line":32,"column":4}},"loc":{"start":{"line":28,"column":27},"end":{"line":32,"column":4}},"line":28},"4":{"name":"getPieceSymbol","decl":{"start":{"line":34,"column":25},"end":{"line":42,"column":4}},"loc":{"start":{"line":34,"column":25},"end":{"line":42,"column":4}},"line":34}},"f":{"0":556,"1":0,"2":0,"3":0,"4":556}}
,"/Users/supriyajain/kiro/src/ui/components/Square.tsx": {"path":"/Users/supriyajain/kiro/src/ui/components/Square.tsx","all":false,"statementMap":{"0":{"start":{"line":1,"column":0},"end":{"line":1,"column":26}},"1":{"start":{"line":2,"column":0},"end":{"line":2,"column":46}},"2":{"start":{"line":3,"column":0},"end":{"line":3,"column":46}},"3":{"start":{"line":4,"column":0},"end":{"line":4,"column":22}},"4":{"start":{"line":5,"column":0},"end":{"line":5,"column":0}},"5":{"start":{"line":6,"column":0},"end":{"line":6,"column":23}},"6":{"start":{"line":7,"column":0},"end":{"line":7,"column":21}},"7":{"start":{"line":8,"column":0},"end":{"line":8,"column":16}},"8":{"start":{"line":9,"column":0},"end":{"line":9,"column":19}},"9":{"start":{"line":10,"column":0},"end":{"line":10,"column":23}},"10":{"start":{"line":11,"column":0},"end":{"line":11,"column":22}},"11":{"start":{"line":12,"column":0},"end":{"line":12,"column":41}},"12":{"start":{"line":13,"column":0},"end":{"line":13,"column":44}},"13":{"start":{"line":14,"column":0},"end":{"line":14,"column":30}},"14":{"start":{"line":15,"column":0},"end":{"line":15,"column":40}},"15":{"start":{"line":16,"column":0},"end":{"line":16,"column":1}},"16":{"start":{"line":17,"column":0},"end":{"line":17,"column":0}},"17":{"start":{"line":18,"column":0},"end":{"line":18,"column":40}},"18":{"start":{"line":19,"column":0},"end":{"line":19,"column":11}},"19":{"start":{"line":20,"column":0},"end":{"line":20,"column":8}},"20":{"start":{"line":21,"column":0},"end":{"line":21,"column":10}},"21":{"start":{"line":22,"column":0},"end":{"line":22,"column":14}},"22":{"start":{"line":23,"column":0},"end":{"line":23,"column":13}},"23":{"start":{"line":24,"column":0},"end":{"line":24,"column":10}},"24":{"start":{"line":25,"column":0},"end":{"line":25,"column":19}},"25":{"start":{"line":26,"column":0},"end":{"line":26,"column":17}},"26":{"start":{"line":27,"column":0},"end":{"line":27,"column":9}},"27":{"start":{"line":28,"column":0},"end":{"line":28,"column":7}},"28":{"start":{"line":29,"column":0},"end":{"line":29,"column":29}},"29":{"start":{"line":30,"column":0},"end":{"line":30,"column":18}},"30":{"start":{"line":31,"column":0},"end":{"line":31,"column":24}},"31":{"start":{"line":32,"column":0},"end":{"line":32,"column":5}},"32":{"start":{"line":33,"column":0},"end":{"line":33,"column":4}},"33":{"start":{"line":34,"column":0},"end":{"line":34,"column":0}},"34":{"start":{"line":35,"column":0},"end":{"line":35,"column":50}},"35":{"start":{"line":36,"column":0},"end":{"line":36,"column":23}},"36":{"start":{"line":37,"column":0},"end":{"line":37,"column":4}},"37":{"start":{"line":38,"column":0},"end":{"line":38,"column":0}},"38":{"start":{"line":39,"column":0},"end":{"line":39,"column":46}},"39":{"start":{"line":40,"column":0},"end":{"line":40,"column":23}},"40":{"start":{"line":41,"column":0},"end":{"line":41,"column":17}},"41":{"start":{"line":42,"column":0},"end":{"line":42,"column":23}},"42":{"start":{"line":43,"column":0},"end":{"line":43,"column":5}},"43":{"start":{"line":44,"column":0},"end":{"line":44,"column":4}},"44":{"start":{"line":45,"column":0},"end":{"line":45,"column":0}},"45":{"start":{"line":46,"column":0},"end":{"line":46,"column":51}},"46":{"start":{"line":47,"column":0},"end":{"line":47,"column":37}},"47":{"start":{"line":48,"column":0},"end":{"line":48,"column":4}},"48":{"start":{"line":49,"column":0},"end":{"line":49,"column":38}},"49":{"start":{"line":50,"column":0},"end":{"line":50,"column":76}},"50":{"start":{"line":51,"column":0},"end":{"line":51,"column":4}},"51":{"start":{"line":52,"column":0},"end":{"line":52,"column":58}},"52":{"start":{"line":53,"column":0},"end":{"line":53,"column":68}},"53":{"start":{"line":54,"column":0},"end":{"line":54,"column":68}},"54":{"start":{"line":55,"column":0},"end":{"line":55,"column":33}},"55":{"start":{"line":56,"column":0},"end":{"line":56,"column":29}},"56":{"start":{"line":57,"column":0},"end":{"line":57,"column":7}},"57":{"start":{"line":58,"column":0},"end":{"line":58,"column":5}},"58":{"start":{"line":59,"column":0},"end":{"line":59,"column":4}},"59":{"start":{"line":60,"column":0},"end":{"line":60,"column":0}},"60":{"start":{"line":61,"column":0},"end":{"line":61,"column":62}},"61":{"start":{"line":62,"column":0},"end":{"line":62,"column":35}},"62":{"start":{"line":63,"column":0},"end":{"line":63,"column":37}},"63":{"start":{"line":64,"column":0},"end":{"line":64,"column":0}},"64":{"start":{"line":65,"column":0},"end":{"line":65,"column":10}},"65":{"start":{"line":66,"column":0},"end":{"line":66,"column":8}},"66":{"start":{"line":67,"column":0},"end":{"line":67,"column":29}},"67":{"start":{"line":68,"column":0},"end":{"line":68,"column":27}},"68":{"start":{"line":69,"column":0},"end":{"line":69,"column":33}},"69":{"start":{"line":70,"column":0},"end":{"line":70,"column":25}},"70":{"start":{"line":71,"column":0},"end":{"line":71,"column":33}},"71":{"start":{"line":72,"column":0},"end":{"line":72,"column":29}},"72":{"start":{"line":73,"column":0},"end":{"line":73,"column":29}},"73":{"start":{"line":74,"column":0},"end":{"line":74,"column":5}},"74":{"start":{"line":75,"column":0},"end":{"line":75,"column":17}},"75":{"start":{"line":76,"column":0},"end":{"line":76,"column":23}},"76":{"start":{"line":77,"column":0},"end":{"line":77,"column":23}},"77":{"start":{"line":78,"column":0},"end":{"line":78,"column":40}},"78":{"start":{"line":79,"column":0},"end":{"line":79,"column":36}},"79":{"start":{"line":80,"column":0},"end":{"line":80,"column":10}},"80":{"start":{"line":81,"column":0},"end":{"line":81,"column":8}},"81":{"start":{"line":82,"column":0},"end":{"line":82,"column":57}},"82":{"start":{"line":83,"column":0},"end":{"line":83,"column":10}},"83":{"start":{"line":84,"column":0},"end":{"line":84,"column":4}},"84":{"start":{"line":85,"column":0},"end":{"line":85,"column":2}},"85":{"start":{"line":86,"column":0},"end":{"line":86,"column":0}},"86":{"start":{"line":87,"column":0},"end":{"line":87,"column":22}}},"s":{"0":1,"1":1,"2":1,"3":1,"4":1,"5":1,"6":1,"7":1,"8":1,"9":1,"10":1,"11":1,"12":1,"13":1,"14":1,"15":1,"16":1,"17":1,"18":1728,"19":1728,"20":1728,"21":1728,"22":1728,"23":1728,"24":1728,"25":1728,"26":1728,"27":1728,"28":1728,"29":0,"30":0,"31":0,"32":0,"33":1728,"34":1728,"35":0,"36":0,"37":1728,"38":1728,"39":0,"40":0,"41":0,"42":0,"43":0,"44":1728,"45":1728,"46":0,"47":0,"48":0,"49":0,"50":0,"51":0,"52":0,"53":0,"54":0,"55":0,"56":0,"57":0,"58":0,"59":1728,"60":1728,"61":1728,"62":1728,"63":1728,"64":1728,"65":1728,"66":1728,"67":1728,"68":1728,"69":1728,"70":1728,"71":1728,"72":1728,"73":1728,"74":1728,"75":556,"76":556,"77":556,"78":556,"79":556,"80":1728,"81":1728,"82":1728,"83":1728,"84":1728,"85":1,"86":1},"branchMap":{"0":{"type":"branch","line":18,"loc":{"start":{"line":18,"column":38},"end":{"line":85,"column":2}},"locations":[{"start":{"line":18,"column":38},"end":{"line":85,"column":2}}]},"1":{"type":"branch","line":61,"loc":{"start":{"line":61,"column":32},"end":{"line":61,"column":52}},"locations":[{"start":{"line":61,"column":32},"end":{"line":61,"column":52}}]},"2":{"type":"branch","line":61,"loc":{"start":{"line":61,"column":42},"end":{"line":61,"column":58}},"locations":[{"start":{"line":61,"column":42},"end":{"line":61,"column":58}}]},"3":{"type":"branch","line":62,"loc":{"start":{"line":62,"column":4},"end":{"line":62,"column":33}},"locations":[{"start":{"line":62,"column":4},"end":{"line":62,"column":33}}]},"4":{"type":"branch","line":62,"loc":{"start":{"line":62,"column":18},"end":{"line":62,"column":35}},"locations":[{"start":{"line":62,"column":18},"end":{"line":62,"column":35}}]},"5":{"type":"branch","line":63,"loc":{"start":{"line":63,"column":6},"end":{"line":63,"column":32}},"locations":[{"start":{"line":63,"column":6},"end":{"line":63,"column":32}}]},"6":{"type":"branch","line":75,"loc":{"start":{"line":75,"column":7},"end":{"line":80,"column":10}},"locations":[{"start":{"line":75,"column":7},"end":{"line":80,"column":10}}]},"7":{"type":"branch","line":82,"loc":{"start":{"line":82,"column":7},"end":{"line":82,"column":57}},"locations":[{"start":{"line":82,"column":7},"end":{"line":82,"column":57}}]}},"b":{"0":[1728],"1":[864],"2":[864],"3":[1],"4":[1727],"5":[0],"6":[556],"7":[1]},"fnMap":{"0":{"name":"Square","decl":{"start":{"line":18,"column":38},"end":{"line":85,"column":2}},"loc":{"start":{"line":18,"column":38},"end":{"line":85,"column":2}},"line":18},"1":{"name":"handleClick","decl":{"start":{"line":29,"column":22},"end":{"line":33,"column":4}},"loc":{"start":{"line":29,"column":22},"end":{"line":33,"column":4}},"line":29},"2":{"name":"handleDragOver","decl":{"start":{"line":35,"column":25},"end":{"line":37,"column":4}},"loc":{"start":{"line":35,"column":25},"end":{"line":37,"column":4}},"line":35},"3":{"name":"handleDrop","decl":{"start":{"line":39,"column":21},"end":{"line":44,"column":4}},"loc":{"start":{"line":39,"column":21},"end":{"line":44,"column":4}},"line":39},"4":{"name":"handleTouchEnd","decl":{"start":{"line":46,"column":25},"end":{"line":59,"column":4}},"loc":{"start":{"line":46,"column":25},"end":{"line":59,"column":4}},"line":46}},"f":{"0":1728,"1":0,"2":0,"3":0,"4":0}}
}
